TN:
SF:src\react\App.tsx
FN:53,makeUserMessage
FN:57,App
FN:82,(anonymous_2)
FN:85,(anonymous_3)
FN:86,(anonymous_4)
FN:87,(anonymous_5)
FN:90,(anonymous_6)
FN:91,(anonymous_7)
FN:94,(anonymous_8)
FN:95,(anonymous_9)
FN:96,(anonymous_10)
FN:102,(anonymous_11)
FN:105,(anonymous_12)
FN:114,(anonymous_13)
FN:117,(anonymous_14)
FN:126,(anonymous_15)
FN:129,(anonymous_16)
FN:138,(anonymous_17)
FN:141,(anonymous_18)
FN:150,(anonymous_19)
FN:154,(anonymous_20)
FN:164,(anonymous_21)
FN:170,(anonymous_22)
FN:185,(anonymous_23)
FN:200,(anonymous_24)
FN:215,(anonymous_25)
FN:222,(anonymous_26)
FN:256,(anonymous_27)
FN:259,(anonymous_28)
FN:262,(anonymous_29)
FN:270,(anonymous_30)
FN:271,(anonymous_31)
FN:297,(anonymous_32)
FN:307,(anonymous_33)
FN:336,(anonymous_34)
FN:359,(anonymous_35)
FN:384,(anonymous_36)
FN:392,(anonymous_37)
FN:396,(anonymous_38)
FN:399,(anonymous_39)
FN:403,(anonymous_40)
FN:405,(anonymous_41)
FN:408,(anonymous_42)
FN:409,(anonymous_43)
FN:437,(anonymous_44)
FN:493,(anonymous_45)
FN:499,(anonymous_46)
FN:499,(anonymous_47)
FN:502,(anonymous_48)
FN:507,(anonymous_49)
FN:533,(anonymous_50)
FN:572,(anonymous_51)
FN:594,(anonymous_52)
FN:616,(anonymous_53)
FN:620,(anonymous_54)
FN:621,(anonymous_55)
FN:621,(anonymous_56)
FN:622,(anonymous_57)
FN:643,(anonymous_58)
FN:650,(anonymous_59)
FN:697,(anonymous_60)
FN:707,(anonymous_61)
FN:711,(anonymous_62)
FN:721,(anonymous_63)
FN:730,(anonymous_64)
FN:734,(anonymous_65)
FN:745,(anonymous_66)
FN:754,(anonymous_67)
FN:758,(anonymous_68)
FN:771,(anonymous_69)
FN:786,(anonymous_70)
FN:795,(anonymous_71)
FN:805,(anonymous_72)
FN:816,(anonymous_73)
FN:825,(anonymous_74)
FN:829,(anonymous_75)
FN:837,(anonymous_76)
FNF:77
FNH:0
FNDA:0,makeUserMessage
FNDA:0,App
FNDA:0,(anonymous_2)
FNDA:0,(anonymous_3)
FNDA:0,(anonymous_4)
FNDA:0,(anonymous_5)
FNDA:0,(anonymous_6)
FNDA:0,(anonymous_7)
FNDA:0,(anonymous_8)
FNDA:0,(anonymous_9)
FNDA:0,(anonymous_10)
FNDA:0,(anonymous_11)
FNDA:0,(anonymous_12)
FNDA:0,(anonymous_13)
FNDA:0,(anonymous_14)
FNDA:0,(anonymous_15)
FNDA:0,(anonymous_16)
FNDA:0,(anonymous_17)
FNDA:0,(anonymous_18)
FNDA:0,(anonymous_19)
FNDA:0,(anonymous_20)
FNDA:0,(anonymous_21)
FNDA:0,(anonymous_22)
FNDA:0,(anonymous_23)
FNDA:0,(anonymous_24)
FNDA:0,(anonymous_25)
FNDA:0,(anonymous_26)
FNDA:0,(anonymous_27)
FNDA:0,(anonymous_28)
FNDA:0,(anonymous_29)
FNDA:0,(anonymous_30)
FNDA:0,(anonymous_31)
FNDA:0,(anonymous_32)
FNDA:0,(anonymous_33)
FNDA:0,(anonymous_34)
FNDA:0,(anonymous_35)
FNDA:0,(anonymous_36)
FNDA:0,(anonymous_37)
FNDA:0,(anonymous_38)
FNDA:0,(anonymous_39)
FNDA:0,(anonymous_40)
FNDA:0,(anonymous_41)
FNDA:0,(anonymous_42)
FNDA:0,(anonymous_43)
FNDA:0,(anonymous_44)
FNDA:0,(anonymous_45)
FNDA:0,(anonymous_46)
FNDA:0,(anonymous_47)
FNDA:0,(anonymous_48)
FNDA:0,(anonymous_49)
FNDA:0,(anonymous_50)
FNDA:0,(anonymous_51)
FNDA:0,(anonymous_52)
FNDA:0,(anonymous_53)
FNDA:0,(anonymous_54)
FNDA:0,(anonymous_55)
FNDA:0,(anonymous_56)
FNDA:0,(anonymous_57)
FNDA:0,(anonymous_58)
FNDA:0,(anonymous_59)
FNDA:0,(anonymous_60)
FNDA:0,(anonymous_61)
FNDA:0,(anonymous_62)
FNDA:0,(anonymous_63)
FNDA:0,(anonymous_64)
FNDA:0,(anonymous_65)
FNDA:0,(anonymous_66)
FNDA:0,(anonymous_67)
FNDA:0,(anonymous_68)
FNDA:0,(anonymous_69)
FNDA:0,(anonymous_70)
FNDA:0,(anonymous_71)
FNDA:0,(anonymous_72)
FNDA:0,(anonymous_73)
FNDA:0,(anonymous_74)
FNDA:0,(anonymous_75)
FNDA:0,(anonymous_76)
DA:54,0
DA:58,0
DA:59,0
DA:60,0
DA:62,0
DA:63,0
DA:64,0
DA:65,0
DA:66,0
DA:68,0
DA:69,0
DA:70,0
DA:71,0
DA:72,0
DA:73,0
DA:74,0
DA:75,0
DA:76,0
DA:77,0
DA:78,0
DA:79,0
DA:80,0
DA:82,0
DA:83,0
DA:84,0
DA:85,0
DA:86,0
DA:87,0
DA:90,0
DA:91,0
DA:92,0
DA:94,0
DA:95,0
DA:96,0
DA:97,0
DA:102,0
DA:103,0
DA:104,0
DA:105,0
DA:106,0
DA:107,0
DA:110,0
DA:114,0
DA:115,0
DA:116,0
DA:117,0
DA:118,0
DA:119,0
DA:122,0
DA:126,0
DA:127,0
DA:128,0
DA:129,0
DA:130,0
DA:131,0
DA:134,0
DA:138,0
DA:139,0
DA:140,0
DA:141,0
DA:142,0
DA:143,0
DA:146,0
DA:150,0
DA:151,0
DA:152,0
DA:153,0
DA:154,0
DA:155,0
DA:156,0
DA:159,0
DA:164,0
DA:165,0
DA:166,0
DA:170,0
DA:171,0
DA:172,0
DA:173,0
DA:174,0
DA:175,0
DA:177,0
DA:178,0
DA:179,0
DA:181,0
DA:182,0
DA:185,0
DA:186,0
DA:187,0
DA:188,0
DA:190,0
DA:191,0
DA:192,0
DA:193,0
DA:194,0
DA:196,0
DA:197,0
DA:200,0
DA:201,0
DA:202,0
DA:203,0
DA:204,0
DA:205,0
DA:207,0
DA:208,0
DA:209,0
DA:210,0
DA:212,0
DA:215,0
DA:216,0
DA:217,0
DA:218,0
DA:219,0
DA:222,0
DA:223,0
DA:224,0
DA:225,0
DA:226,0
DA:228,0
DA:229,0
DA:230,0
DA:232,0
DA:233,0
DA:245,0
DA:257,0
DA:260,0
DA:263,0
DA:264,0
DA:270,0
DA:271,0
DA:272,0
DA:273,0
DA:274,0
DA:275,0
DA:276,0
DA:286,0
DA:287,0
DA:288,0
DA:289,0
DA:290,0
DA:292,0
DA:293,0
DA:294,0
DA:297,0
DA:298,0
DA:299,0
DA:303,0
DA:304,0
DA:307,0
DA:308,0
DA:309,0
DA:327,0
DA:328,0
DA:329,0
DA:330,0
DA:332,0
DA:333,0
DA:336,0
DA:337,0
DA:338,0
DA:350,0
DA:351,0
DA:352,0
DA:353,0
DA:355,0
DA:356,0
DA:359,0
DA:360,0
DA:361,0
DA:362,0
DA:363,0
DA:364,0
DA:366,0
DA:367,0
DA:370,0
DA:384,0
DA:385,0
DA:386,0
DA:387,0
DA:388,0
DA:392,0
DA:393,0
DA:394,0
DA:395,0
DA:396,0
DA:399,0
DA:400,0
DA:403,0
DA:404,0
DA:405,0
DA:408,0
DA:409,0
DA:410,0
DA:411,0
DA:412,0
DA:413,0
DA:414,0
DA:415,0
DA:416,0
DA:418,0
DA:419,0
DA:420,0
DA:421,0
DA:423,0
DA:424,0
DA:425,0
DA:426,0
DA:428,0
DA:429,0
DA:430,0
DA:431,0
DA:433,0
DA:434,0
DA:435,0
DA:436,0
DA:437,0
DA:438,0
DA:441,0
DA:442,0
DA:445,0
DA:447,0
DA:448,0
DA:449,0
DA:450,0
DA:451,0
DA:452,0
DA:454,0
DA:455,0
DA:456,0
DA:457,0
DA:459,0
DA:460,0
DA:461,0
DA:462,0
DA:464,0
DA:465,0
DA:466,0
DA:468,0
DA:469,0
DA:470,0
DA:472,0
DA:473,0
DA:474,0
DA:476,0
DA:477,0
DA:478,0
DA:480,0
DA:481,0
DA:484,0
DA:485,0
DA:488,0
DA:489,0
DA:491,0
DA:492,0
DA:493,0
DA:494,0
DA:495,0
DA:499,0
DA:502,0
DA:503,0
DA:504,0
DA:507,0
DA:508,0
DA:509,0
DA:510,0
DA:511,0
DA:512,0
DA:513,0
DA:516,0
DA:517,0
DA:518,0
DA:519,0
DA:520,0
DA:521,0
DA:522,0
DA:523,0
DA:524,0
DA:525,0
DA:526,0
DA:527,0
DA:528,0
DA:530,0
DA:533,0
DA:534,0
DA:539,0
DA:540,0
DA:550,0
DA:573,0
DA:574,0
DA:575,0
DA:576,0
DA:577,0
DA:579,0
DA:580,0
DA:581,0
DA:582,0
DA:584,0
DA:585,0
DA:586,0
DA:587,0
DA:589,0
DA:590,0
DA:591,0
DA:595,0
DA:596,0
DA:597,0
DA:598,0
DA:617,0
DA:618,0
DA:620,0
DA:621,0
DA:622,0
DA:643,0
DA:650,0
DA:697,0
DA:707,0
DA:711,0
DA:721,0
DA:730,0
DA:734,0
DA:745,0
DA:754,0
DA:758,0
DA:772,0
DA:786,0
DA:795,0
DA:805,0
DA:816,0
DA:825,0
DA:830,0
DA:838,0
DA:839,0
LF:331
LH:0
BRDA:84,0,0,0
BRDA:84,0,1,0
BRDA:90,1,0,0
BRDA:90,1,1,0
BRDA:91,2,0,0
BRDA:91,2,1,0
BRDA:92,3,0,0
BRDA:92,3,1,0
BRDA:92,4,0,0
BRDA:92,4,1,0
BRDA:103,5,0,0
BRDA:103,5,1,0
BRDA:107,6,0,0
BRDA:107,6,1,0
BRDA:115,7,0,0
BRDA:115,7,1,0
BRDA:119,8,0,0
BRDA:119,8,1,0
BRDA:127,9,0,0
BRDA:127,9,1,0
BRDA:131,10,0,0
BRDA:131,10,1,0
BRDA:139,11,0,0
BRDA:139,11,1,0
BRDA:143,12,0,0
BRDA:143,12,1,0
BRDA:151,13,0,0
BRDA:151,13,1,0
BRDA:165,14,0,0
BRDA:165,14,1,0
BRDA:173,15,0,0
BRDA:173,15,1,0
BRDA:173,16,0,0
BRDA:173,16,1,0
BRDA:177,17,0,0
BRDA:177,17,1,0
BRDA:177,18,0,0
BRDA:177,18,1,0
BRDA:178,19,0,0
BRDA:178,19,1,0
BRDA:186,20,0,0
BRDA:186,20,1,0
BRDA:192,21,0,0
BRDA:192,21,1,0
BRDA:203,22,0,0
BRDA:203,22,1,0
BRDA:208,23,0,0
BRDA:208,23,1,0
BRDA:223,24,0,0
BRDA:223,24,1,0
BRDA:224,25,0,0
BRDA:224,25,1,0
BRDA:272,26,0,0
BRDA:272,26,1,0
BRDA:273,27,0,0
BRDA:273,27,1,0
BRDA:273,27,2,0
BRDA:273,27,3,0
BRDA:287,28,0,0
BRDA:287,28,1,0
BRDA:293,29,0,0
BRDA:293,29,1,0
BRDA:319,30,0,0
BRDA:319,30,1,0
BRDA:328,31,0,0
BRDA:328,31,1,0
BRDA:339,32,0,0
BRDA:339,32,1,0
BRDA:351,33,0,0
BRDA:351,33,1,0
BRDA:362,34,0,0
BRDA:362,34,1,0
BRDA:384,35,0,0
BRDA:395,36,0,0
BRDA:395,36,1,0
BRDA:404,37,0,0
BRDA:404,37,1,0
BRDA:411,38,0,0
BRDA:411,38,1,0
BRDA:411,38,2,0
BRDA:411,38,3,0
BRDA:412,39,0,0
BRDA:412,39,1,0
BRDA:412,39,2,0
BRDA:413,40,0,0
BRDA:413,40,1,0
BRDA:418,41,0,0
BRDA:418,41,1,0
BRDA:418,42,0,0
BRDA:418,42,1,0
BRDA:418,42,2,0
BRDA:418,42,3,0
BRDA:423,43,0,0
BRDA:423,43,1,0
BRDA:423,44,0,0
BRDA:423,44,1,0
BRDA:423,44,2,0
BRDA:423,44,3,0
BRDA:423,44,4,0
BRDA:428,45,0,0
BRDA:428,45,1,0
BRDA:428,46,0,0
BRDA:428,46,1,0
BRDA:428,46,2,0
BRDA:430,47,0,0
BRDA:430,47,1,0
BRDA:433,48,0,0
BRDA:433,48,1,0
BRDA:433,49,0,0
BRDA:433,49,1,0
BRDA:433,49,2,0
BRDA:436,50,0,0
BRDA:436,50,1,0
BRDA:436,51,0,0
BRDA:436,51,1,0
BRDA:438,52,0,0
BRDA:438,52,1,0
BRDA:447,53,0,0
BRDA:447,53,1,0
BRDA:447,54,0,0
BRDA:447,54,1,0
BRDA:451,55,0,0
BRDA:451,55,1,0
BRDA:454,56,0,0
BRDA:454,56,1,0
BRDA:454,57,0,0
BRDA:454,57,1,0
BRDA:454,57,2,0
BRDA:459,58,0,0
BRDA:459,58,1,0
BRDA:460,59,0,0
BRDA:460,59,1,0
BRDA:464,60,0,0
BRDA:464,60,1,0
BRDA:468,61,0,0
BRDA:468,61,1,0
BRDA:472,62,0,0
BRDA:472,62,1,0
BRDA:476,63,0,0
BRDA:476,63,1,0
BRDA:480,64,0,0
BRDA:480,64,1,0
BRDA:484,65,0,0
BRDA:484,65,1,0
BRDA:484,66,0,0
BRDA:484,66,1,0
BRDA:484,66,2,0
BRDA:489,67,0,0
BRDA:489,67,1,0
BRDA:499,68,0,0
BRDA:499,68,1,0
BRDA:504,69,0,0
BRDA:504,69,1,0
BRDA:539,70,0,0
BRDA:539,70,1,0
BRDA:563,71,0,0
BRDA:563,71,1,0
BRDA:564,72,0,0
BRDA:564,72,1,0
BRDA:573,73,0,0
BRDA:573,73,1,0
BRDA:573,73,2,0
BRDA:574,74,0,0
BRDA:574,74,1,0
BRDA:579,75,0,0
BRDA:579,75,1,0
BRDA:579,76,0,0
BRDA:579,76,1,0
BRDA:579,76,2,0
BRDA:579,76,3,0
BRDA:584,77,0,0
BRDA:584,77,1,0
BRDA:584,78,0,0
BRDA:584,78,1,0
BRDA:584,78,2,0
BRDA:584,78,3,0
BRDA:589,79,0,0
BRDA:589,79,1,0
BRDA:589,80,0,0
BRDA:589,80,1,0
BRDA:589,80,2,0
BRDA:591,81,0,0
BRDA:591,81,1,0
BRDA:595,82,0,0
BRDA:595,82,1,0
BRDA:595,82,2,0
BRDA:596,83,0,0
BRDA:596,83,1,0
BRDA:626,84,0,0
BRDA:626,84,1,0
BRDA:633,85,0,0
BRDA:633,85,1,0
BRDA:641,86,0,0
BRDA:641,86,1,0
BRDA:653,87,0,0
BRDA:653,87,1,0
BRDA:653,87,2,0
BRDA:654,88,0,0
BRDA:654,88,1,0
BRDA:655,89,0,0
BRDA:655,89,1,0
BRDA:656,90,0,0
BRDA:656,90,1,0
BRDA:657,91,0,0
BRDA:657,91,1,0
BRDA:657,91,2,0
BRDA:658,92,0,0
BRDA:658,92,1,0
BRDA:659,93,0,0
BRDA:659,93,1,0
BRDA:660,94,0,0
BRDA:660,94,1,0
BRDA:661,95,0,0
BRDA:661,95,1,0
BRDA:662,96,0,0
BRDA:662,96,1,0
BRDA:663,97,0,0
BRDA:663,97,1,0
BRDA:664,98,0,0
BRDA:664,98,1,0
BRDA:665,99,0,0
BRDA:665,99,1,0
BRDA:666,100,0,0
BRDA:666,100,1,0
BRDA:667,101,0,0
BRDA:667,101,1,0
BRDA:668,102,0,0
BRDA:668,102,1,0
BRDA:669,103,0,0
BRDA:669,103,1,0
BRDA:670,104,0,0
BRDA:670,104,1,0
BRDA:671,105,0,0
BRDA:671,105,1,0
BRDA:672,106,0,0
BRDA:672,106,1,0
BRDA:673,107,0,0
BRDA:673,107,1,0
BRDA:674,108,0,0
BRDA:674,108,1,0
BRDA:675,109,0,0
BRDA:675,109,1,0
BRDA:676,110,0,0
BRDA:676,110,1,0
BRDA:677,111,0,0
BRDA:677,111,1,0
BRDA:678,112,0,0
BRDA:678,112,1,0
BRDA:679,113,0,0
BRDA:679,113,1,0
BRDA:680,114,0,0
BRDA:680,114,1,0
BRDA:681,115,0,0
BRDA:681,115,1,0
BRDA:682,116,0,0
BRDA:682,116,1,0
BRDA:683,117,0,0
BRDA:683,117,1,0
BRDA:684,118,0,0
BRDA:684,118,1,0
BRDA:685,119,0,0
BRDA:685,119,1,0
BRDA:690,120,0,0
BRDA:690,120,1,0
BRDA:694,121,0,0
BRDA:694,121,1,0
BRDA:718,122,0,0
BRDA:718,122,1,0
BRDA:742,123,0,0
BRDA:742,123,1,0
BRDA:783,124,0,0
BRDA:783,124,1,0
BRDA:813,125,0,0
BRDA:813,125,1,0
BRDA:836,126,0,0
BRDA:836,126,1,0
BRDA:843,127,0,0
BRDA:843,127,1,0
BRDA:846,128,0,0
BRDA:846,128,1,0
BRDA:852,129,0,0
BRDA:852,129,1,0
BRF:282
BRH:0
end_of_record
TN:
SF:src\react\components\cards\AgentCard.tsx
FN:18,AgentCard
FN:44,(anonymous_1)
FN:51,(anonymous_2)
FN:61,AgentRow
FNF:4
FNH:0
FNDA:0,AgentCard
FNDA:0,(anonymous_1)
FNDA:0,(anonymous_2)
FNDA:0,AgentRow
DA:11,0
DA:19,0
DA:44,0
DA:51,0
DA:62,0
LF:5
LH:0
BRF:0
BRH:0
end_of_record
TN:
SF:src\react\components\cards\ModelCard.tsx
FN:21,ModelCard
FN:53,(anonymous_1)
FN:60,(anonymous_2)
FN:67,(anonymous_3)
FN:77,ModelSpec
FNF:5
FNH:0
FNDA:0,ModelCard
FNDA:0,(anonymous_1)
FNDA:0,(anonymous_2)
FNDA:0,(anonymous_3)
FNDA:0,ModelSpec
DA:14,0
DA:22,0
DA:53,0
DA:60,0
DA:67,0
DA:78,0
LF:6
LH:0
BRDA:25,0,0,0
BRDA:25,0,1,0
BRDA:40,1,0,0
BRDA:40,1,1,0
BRDA:45,2,0,0
BRDA:45,2,1,0
BRF:6
BRH:0
end_of_record
TN:
SF:src\react\components\cards\PluginCard.tsx
FN:16,PluginCard
FN:30,(anonymous_1)
FN:39,(anonymous_2)
FNF:3
FNH:0
FNDA:0,PluginCard
FNDA:0,(anonymous_1)
FNDA:0,(anonymous_2)
DA:10,0
DA:17,0
DA:31,0
DA:39,0
LF:4
LH:0
BRDA:42,0,0,0
BRDA:42,0,1,0
BRF:2
BRH:0
end_of_record
TN:
SF:src\react\components\cards\SessionCard.tsx
FN:9,SessionCard
FNF:1
FNH:0
FNDA:0,SessionCard
DA:10,0
LF:1
LH:0
BRDA:24,0,0,0
BRDA:24,0,1,0
BRDA:25,1,0,0
BRDA:25,1,1,0
BRF:4
BRH:0
end_of_record
TN:
SF:src\react\components\cards\TelemetryWidget.tsx
FN:11,TelemetryWidget
FNF:1
FNH:0
FNDA:0,TelemetryWidget
DA:12,0
LF:1
LH:0
BRF:0
BRH:0
end_of_record
TN:
SF:src\react\components\command\CommandPalette.tsx
FN:12,readRecent
FN:15,writeRecent
FN:19,fuzzyScore
FN:34,highlightMatch
FN:101,CommandPalette
FN:119,(anonymous_5)
FN:124,(anonymous_6)
FN:131,(anonymous_7)
FN:132,(anonymous_8)
FN:133,(anonymous_9)
FN:134,(anonymous_10)
FN:137,(anonymous_11)
FN:141,(anonymous_12)
FN:145,(anonymous_13)
FN:147,(anonymous_14)
FN:153,(anonymous_15)
FN:154,(anonymous_16)
FN:155,(anonymous_17)
FN:175,(anonymous_18)
FN:188,(anonymous_19)
FN:193,(anonymous_20)
FN:199,(anonymous_21)
FN:209,(anonymous_22)
FN:210,(anonymous_23)
FN:219,(anonymous_24)
FN:233,(anonymous_25)
FN:234,(anonymous_26)
FN:242,(anonymous_27)
FN:259,(anonymous_28)
FN:275,(anonymous_29)
FN:276,(anonymous_30)
FN:295,(anonymous_31)
FN:296,(anonymous_32)
FN:302,(anonymous_33)
FN:311,Divider
FNF:35
FNH:0
FNDA:0,readRecent
FNDA:0,writeRecent
FNDA:0,fuzzyScore
FNDA:0,highlightMatch
FNDA:0,CommandPalette
FNDA:0,(anonymous_5)
FNDA:0,(anonymous_6)
FNDA:0,(anonymous_7)
FNDA:0,(anonymous_8)
FNDA:0,(anonymous_9)
FNDA:0,(anonymous_10)
FNDA:0,(anonymous_11)
FNDA:0,(anonymous_12)
FNDA:0,(anonymous_13)
FNDA:0,(anonymous_14)
FNDA:0,(anonymous_15)
FNDA:0,(anonymous_16)
FNDA:0,(anonymous_17)
FNDA:0,(anonymous_18)
FNDA:0,(anonymous_19)
FNDA:0,(anonymous_20)
FNDA:0,(anonymous_21)
FNDA:0,(anonymous_22)
FNDA:0,(anonymous_23)
FNDA:0,(anonymous_24)
FNDA:0,(anonymous_25)
FNDA:0,(anonymous_26)
FNDA:0,(anonymous_27)
FNDA:0,(anonymous_28)
FNDA:0,(anonymous_29)
FNDA:0,(anonymous_30)
FNDA:0,(anonymous_31)
FNDA:0,(anonymous_32)
FNDA:0,(anonymous_33)
FNDA:0,Divider
DA:9,0
DA:10,0
DA:13,0
DA:16,0
DA:20,0
DA:21,0
DA:22,0
DA:23,0
DA:24,0
DA:26,0
DA:27,0
DA:28,0
DA:29,0
DA:31,0
DA:35,0
DA:36,0
DA:37,0
DA:38,0
DA:39,0
DA:40,0
DA:41,0
DA:42,0
DA:43,0
DA:44,0
DA:45,0
DA:46,0
DA:49,0
DA:50,0
DA:66,0
DA:112,0
DA:113,0
DA:114,0
DA:115,0
DA:116,0
DA:117,0
DA:119,0
DA:120,0
DA:121,0
DA:123,0
DA:124,0
DA:125,0
DA:126,0
DA:127,0
DA:130,0
DA:131,0
DA:132,0
DA:133,0
DA:134,0
DA:137,0
DA:138,0
DA:141,0
DA:142,0
DA:145,0
DA:146,0
DA:147,0
DA:148,0
DA:149,0
DA:153,0
DA:154,0
DA:155,0
DA:156,0
DA:157,0
DA:159,0
DA:160,0
DA:161,0
DA:162,0
DA:164,0
DA:165,0
DA:166,0
DA:167,0
DA:168,0
DA:170,0
DA:171,0
DA:175,0
DA:176,0
DA:177,0
DA:178,0
DA:180,0
DA:181,0
DA:182,0
DA:183,0
DA:184,0
DA:186,0
DA:187,0
DA:188,0
DA:189,0
DA:191,0
DA:192,0
DA:193,0
DA:194,0
DA:199,0
DA:200,0
DA:201,0
DA:202,0
DA:205,0
DA:206,0
DA:208,0
DA:209,0
DA:210,0
DA:219,0
DA:234,0
DA:235,0
DA:236,0
DA:237,0
DA:242,0
DA:260,0
DA:261,0
DA:262,0
DA:275,0
DA:276,0
DA:296,0
DA:302,0
DA:312,0
LF:113
LH:0
BRDA:13,0,0,0
BRDA:13,0,1,0
BRDA:22,1,0,0
BRDA:22,1,1,0
BRDA:23,2,0,0
BRDA:23,2,1,0
BRDA:24,3,0,0
BRDA:24,3,1,0
BRDA:29,4,0,0
BRDA:29,4,1,0
BRDA:35,5,0,0
BRDA:35,5,1,0
BRDA:42,6,0,0
BRDA:42,6,1,0
BRDA:43,7,0,0
BRDA:43,7,1,0
BRDA:49,8,0,0
BRDA:49,8,1,0
BRDA:121,9,0,0
BRDA:121,9,1,0
BRDA:125,10,0,0
BRDA:125,10,1,0
BRDA:126,11,0,0
BRDA:126,11,1,0
BRDA:127,12,0,0
BRDA:127,12,1,0
BRDA:142,13,0,0
BRDA:142,13,1,0
BRDA:146,14,0,0
BRDA:146,14,1,0
BRDA:159,15,0,0
BRDA:159,15,1,0
BRDA:165,16,0,0
BRDA:165,16,1,0
BRDA:166,17,0,0
BRDA:166,17,1,0
BRDA:166,18,0,0
BRDA:166,18,1,0
BRDA:167,19,0,0
BRDA:167,19,1,0
BRDA:167,20,0,0
BRDA:167,20,1,0
BRDA:170,21,0,0
BRDA:170,21,1,0
BRDA:176,22,0,0
BRDA:176,22,1,0
BRDA:180,23,0,0
BRDA:180,23,1,0
BRDA:183,24,0,0
BRDA:183,24,1,0
BRDA:186,25,0,0
BRDA:186,25,1,0
BRDA:191,26,0,0
BRDA:191,26,1,0
BRDA:200,27,0,0
BRDA:200,27,1,0
BRDA:206,28,0,0
BRDA:206,28,1,0
BRDA:209,29,0,0
BRDA:209,29,1,0
BRDA:223,30,0,0
BRDA:223,30,1,0
BRDA:229,31,0,0
BRDA:229,31,1,0
BRDA:235,32,0,0
BRDA:235,32,1,0
BRDA:257,33,0,0
BRDA:257,33,1,0
BRDA:271,34,0,0
BRDA:271,34,1,0
BRDA:286,35,0,0
BRDA:286,35,1,0
BRDA:311,36,0,0
BRF:73
BRH:0
end_of_record
TN:
SF:src\react\components\layout\ControllerHintBar.tsx
FN:13,ControllerHintBar
FN:20,(anonymous_1)
FNF:2
FNH:0
FNDA:0,ControllerHintBar
FNDA:0,(anonymous_1)
DA:3,0
DA:14,0
DA:21,0
LF:3
LH:0
BRF:0
BRH:0
end_of_record
TN:
SF:src\react\components\layout\PrimarySidebar.tsx
FN:8,PrimarySidebar
FN:13,(anonymous_1)
FN:26,(anonymous_2)
FN:27,(anonymous_3)
FN:34,(anonymous_4)
FN:45,(anonymous_5)
FN:45,(anonymous_6)
FN:61,(anonymous_7)
FN:71,(anonymous_8)
FN:82,(anonymous_9)
FN:121,(anonymous_10)
FNF:11
FNH:0
FNDA:0,PrimarySidebar
FNDA:0,(anonymous_1)
FNDA:0,(anonymous_2)
FNDA:0,(anonymous_3)
FNDA:0,(anonymous_4)
FNDA:0,(anonymous_5)
FNDA:0,(anonymous_6)
FNDA:0,(anonymous_7)
FNDA:0,(anonymous_8)
FNDA:0,(anonymous_9)
FNDA:0,(anonymous_10)
DA:9,0
DA:10,0
DA:11,0
DA:13,0
DA:14,0
DA:15,0
DA:16,0
DA:17,0
DA:20,0
DA:22,0
DA:26,0
DA:27,0
DA:34,0
DA:45,0
DA:62,0
DA:63,0
DA:64,0
DA:72,0
DA:73,0
DA:74,0
DA:82,0
DA:121,0
LF:22
LH:0
BRDA:11,0,0,0
BRDA:11,0,1,0
BRDA:14,1,0,0
BRDA:14,1,1,0
BRDA:15,2,0,0
BRDA:15,2,1,0
BRDA:25,3,0,0
BRDA:25,3,1,0
BRDA:38,4,0,0
BRDA:38,4,1,0
BRDA:46,5,0,0
BRDA:46,5,1,0
BRDA:48,6,0,0
BRDA:48,6,1,0
BRDA:49,7,0,0
BRDA:49,7,1,0
BRDA:52,8,0,0
BRDA:52,8,1,0
BRDA:55,9,0,0
BRDA:55,9,1,0
BRDA:55,10,0,0
BRDA:55,10,1,0
BRDA:63,11,0,0
BRDA:63,11,1,0
BRDA:67,12,0,0
BRDA:67,12,1,0
BRDA:68,13,0,0
BRDA:68,13,1,0
BRDA:79,14,0,0
BRDA:79,14,1,0
BRDA:84,15,0,0
BRDA:84,15,1,0
BRDA:87,16,0,0
BRDA:87,16,1,0
BRDA:90,17,0,0
BRDA:90,17,1,0
BRDA:93,18,0,0
BRDA:93,18,1,0
BRDA:93,18,2,0
BRDA:110,19,0,0
BRDA:110,19,1,0
BRDA:122,20,0,0
BRDA:122,20,1,0
BRDA:123,21,0,0
BRDA:123,21,1,0
BRDA:124,22,0,0
BRDA:124,22,1,0
BRDA:127,23,0,0
BRDA:127,23,1,0
BRDA:127,24,0,0
BRDA:127,24,1,0
BRF:51
BRH:0
end_of_record
TN:
SF:src\react\components\layout\SecondaryRail.tsx
FN:10,SecondaryRail
FN:12,(anonymous_1)
FN:18,(anonymous_2)
FN:34,(anonymous_3)
FN:78,(anonymous_4)
FN:87,(anonymous_5)
FN:119,MiniStat
FNF:7
FNH:0
FNDA:0,SecondaryRail
FNDA:0,(anonymous_1)
FNDA:0,(anonymous_2)
FNDA:0,(anonymous_3)
FNDA:0,(anonymous_4)
FNDA:0,(anonymous_5)
FNDA:0,MiniStat
DA:11,0
DA:12,0
DA:14,0
DA:15,0
DA:18,0
DA:28,0
DA:34,0
DA:78,0
DA:88,0
DA:120,0
LF:10
LH:0
BRDA:14,0,0,0
BRDA:14,0,1,0
BRDA:64,1,0,0
BRDA:64,1,1,0
BRDA:68,2,0,0
BRDA:68,2,1,0
BRDA:94,3,0,0
BRDA:94,3,1,0
BRDA:94,4,0,0
BRDA:94,4,1,0
BRDA:94,5,0,0
BRDA:94,5,1,0
BRDA:98,6,0,0
BRDA:98,6,1,0
BRDA:108,7,0,0
BRDA:108,7,1,0
BRDA:109,8,0,0
BRDA:109,8,1,0
BRDA:110,9,0,0
BRDA:110,9,1,0
BRDA:111,10,0,0
BRDA:111,10,1,0
BRF:22
BRH:0
end_of_record
TN:
SF:src\react\components\layout\TitleBar.tsx
FN:21,TitleBar
FN:42,(anonymous_1)
FN:43,handleClickOutside
FN:49,(anonymous_3)
FN:53,(anonymous_4)
FN:55,(anonymous_5)
FN:58,(anonymous_6)
FN:61,(anonymous_7)
FN:71,(anonymous_8)
FN:80,(anonymous_9)
FN:124,(anonymous_10)
FN:124,(anonymous_11)
FN:144,(anonymous_12)
FN:148,(anonymous_13)
FN:152,(anonymous_14)
FN:209,(anonymous_15)
FN:212,(anonymous_16)
FN:218,(anonymous_17)
FN:227,StatusChip
FNF:19
FNH:0
FNDA:0,TitleBar
FNDA:0,(anonymous_1)
FNDA:0,handleClickOutside
FNDA:0,(anonymous_3)
FNDA:0,(anonymous_4)
FNDA:0,(anonymous_5)
FNDA:0,(anonymous_6)
FNDA:0,(anonymous_7)
FNDA:0,(anonymous_8)
FNDA:0,(anonymous_9)
FNDA:0,(anonymous_10)
FNDA:0,(anonymous_11)
FNDA:0,(anonymous_12)
FNDA:0,(anonymous_13)
FNDA:0,(anonymous_14)
FNDA:0,(anonymous_15)
FNDA:0,(anonymous_16)
FNDA:0,(anonymous_17)
FNDA:0,StatusChip
DA:34,0
DA:35,0
DA:36,0
DA:37,0
DA:38,0
DA:39,0
DA:42,0
DA:44,0
DA:45,0
DA:48,0
DA:49,0
DA:53,0
DA:54,0
DA:55,0
DA:56,0
DA:57,0
DA:58,0
DA:61,0
DA:62,0
DA:63,0
DA:64,0
DA:65,0
DA:66,0
DA:67,0
DA:69,0
DA:70,0
DA:71,0
DA:72,0
DA:73,0
DA:74,0
DA:76,0
DA:78,0
DA:79,0
DA:80,0
DA:81,0
DA:82,0
DA:83,0
DA:85,0
DA:87,0
DA:88,0
DA:89,0
DA:90,0
DA:91,0
DA:93,0
DA:94,0
DA:95,0
DA:96,0
DA:97,0
DA:101,0
DA:124,0
DA:145,0
DA:148,0
DA:153,0
DA:154,0
DA:155,0
DA:209,0
DA:212,0
DA:218,0
DA:228,0
LF:59
LH:0
BRDA:34,0,0,0
BRDA:34,0,1,0
BRDA:34,1,0,0
BRDA:34,1,1,0
BRDA:44,2,0,0
BRDA:44,2,1,0
BRDA:44,3,0,0
BRDA:44,3,1,0
BRDA:54,4,0,0
BRDA:54,4,1,0
BRDA:56,5,0,0
BRDA:56,5,1,0
BRDA:62,6,0,0
BRDA:62,6,1,0
BRDA:63,7,0,0
BRDA:63,7,1,0
BRDA:69,8,0,0
BRDA:69,8,1,0
BRDA:78,9,0,0
BRDA:78,9,1,0
BRDA:87,10,0,0
BRDA:87,10,1,0
BRDA:93,11,0,0
BRDA:93,11,1,0
BRDA:132,12,0,0
BRDA:132,12,1,0
BRDA:134,13,0,0
BRDA:134,13,1,0
BRDA:138,14,0,0
BRDA:138,14,1,0
BRDA:141,15,0,0
BRDA:141,15,1,0
BRDA:158,16,0,0
BRDA:158,16,1,0
BRDA:167,17,0,0
BRDA:167,17,1,0
BRDA:186,18,0,0
BRDA:186,18,1,0
BRDA:187,19,0,0
BRDA:187,19,1,0
BRDA:193,20,0,0
BRDA:193,20,1,0
BRDA:198,21,0,0
BRDA:198,21,1,0
BRDA:203,22,0,0
BRDA:203,22,1,0
BRDA:230,23,0,0
BRDA:230,23,1,0
BRF:48
BRH:0
end_of_record
TN:
SF:src\react\components\onboarding\OnboardingModal.tsx
FN:15,OnboardingModal
FN:16,(anonymous_1)
FN:27,(anonymous_2)
FN:29,(anonymous_3)
FN:29,(anonymous_4)
FN:33,(anonymous_5)
FN:33,(anonymous_6)
FN:39,(anonymous_7)
FN:39,(anonymous_8)
FN:47,(anonymous_9)
FN:47,(anonymous_10)
FN:51,(anonymous_11)
FN:51,(anonymous_12)
FN:57,(anonymous_13)
FN:57,(anonymous_14)
FN:64,(anonymous_15)
FN:67,(anonymous_16)
FN:71,(anonymous_17)
FN:78,(anonymous_18)
FN:107,(anonymous_19)
FNF:20
FNH:0
FNDA:0,OnboardingModal
FNDA:0,(anonymous_1)
FNDA:0,(anonymous_2)
FNDA:0,(anonymous_3)
FNDA:0,(anonymous_4)
FNDA:0,(anonymous_5)
FNDA:0,(anonymous_6)
FNDA:0,(anonymous_7)
FNDA:0,(anonymous_8)
FNDA:0,(anonymous_9)
FNDA:0,(anonymous_10)
FNDA:0,(anonymous_11)
FNDA:0,(anonymous_12)
FNDA:0,(anonymous_13)
FNDA:0,(anonymous_14)
FNDA:0,(anonymous_15)
FNDA:0,(anonymous_16)
FNDA:0,(anonymous_17)
FNDA:0,(anonymous_18)
FNDA:0,(anonymous_19)
DA:5,0
DA:16,0
DA:17,0
DA:19,0
DA:25,0
DA:27,0
DA:28,0
DA:29,0
DA:31,0
DA:32,0
DA:33,0
DA:34,0
DA:35,0
DA:36,0
DA:39,0
DA:40,0
DA:44,0
DA:45,0
DA:46,0
DA:47,0
DA:48,0
DA:51,0
DA:52,0
DA:57,0
DA:58,0
DA:61,0
DA:64,0
DA:65,0
DA:66,0
DA:67,0
DA:71,0
DA:72,0
DA:73,0
DA:76,0
DA:78,0
DA:79,0
DA:81,0
DA:108,0
LF:38
LH:0
BRDA:34,0,0,0
BRDA:34,0,1,0
BRDA:35,1,0,0
BRDA:35,1,1,0
BRDA:35,2,0,0
BRDA:35,2,1,0
BRDA:35,3,0,0
BRDA:35,3,1,0
BRDA:40,4,0,0
BRDA:40,4,1,0
BRDA:48,5,0,0
BRDA:48,5,1,0
BRDA:52,6,0,0
BRDA:52,6,1,0
BRDA:58,7,0,0
BRDA:58,7,1,0
BRDA:65,8,0,0
BRDA:65,8,1,0
BRDA:76,9,0,0
BRDA:76,9,1,0
BRDA:110,10,0,0
BRDA:110,10,1,0
BRDA:111,11,0,0
BRDA:111,11,1,0
BRDA:112,12,0,0
BRDA:112,12,1,0
BRDA:118,13,0,0
BRDA:118,13,1,0
BRDA:119,14,0,0
BRDA:119,14,1,0
BRDA:120,15,0,0
BRDA:120,15,1,0
BRDA:121,16,0,0
BRDA:121,16,1,0
BRDA:123,17,0,0
BRDA:123,17,1,0
BRDA:134,18,0,0
BRDA:134,18,1,0
BRF:38
BRH:0
end_of_record
TN:
SF:src\react\components\primitives\Badge.tsx
FN:19,Badge
FNF:1
FNH:1
FNDA:10,Badge
DA:3,1
DA:11,1
DA:32,10
DA:36,10
DA:38,10
LF:5
LH:5
BRDA:21,0,0,10
BRDA:22,1,0,10
BRDA:23,2,0,10
BRDA:24,3,0,10
BRDA:32,4,0,9
BRDA:32,4,1,1
BRDA:36,5,0,9
BRDA:36,5,1,1
BRDA:40,6,0,10
BRDA:40,6,1,1
BRDA:40,7,0,0
BRDA:40,7,1,1
BRDA:40,8,0,0
BRDA:40,8,1,1
BRDA:40,9,0,0
BRDA:40,9,1,1
BRDA:40,10,0,0
BRDA:40,10,1,1
BRF:18
BRH:14
end_of_record
TN:
SF:src\react\components\primitives\Button.tsx
FN:27,Button
FNF:1
FNH:1
FNDA:40,Button
DA:13,3
DA:21,3
DA:27,3
DA:31,40
LF:4
LH:4
BRDA:28,0,0,40
BRDA:28,1,0,40
BRDA:28,2,0,40
BRDA:28,3,0,40
BRDA:28,4,0,40
BRDA:34,5,0,40
BRDA:34,5,1,39
BRDA:35,6,0,40
BRDA:35,6,1,38
BRDA:44,7,0,1
BRDA:44,7,1,39
BRDA:49,8,0,2
BRDA:49,8,1,38
BRF:13
BRH:13
end_of_record
TN:
SF:src\react\components\primitives\ConfirmDialog.tsx
FN:16,ConfirmDialog
FNF:1
FNH:1
FNDA:14,ConfirmDialog
DA:26,14
LF:1
LH:1
BRDA:20,0,0,14
BRDA:22,1,0,14
BRDA:23,2,0,14
BRDA:24,3,0,14
BRDA:37,4,0,2
BRDA:37,4,1,12
BRDA:44,5,0,14
BRDA:44,5,1,2
BRF:8
BRH:8
end_of_record
TN:
SF:src\react\components\primitives\DeckButtonHint.tsx
FN:7,DeckButtonHint
FNF:1
FNH:1
FNDA:4,DeckButtonHint
DA:8,4
LF:1
LH:1
BRDA:7,0,0,4
BRF:1
BRH:1
end_of_record
TN:
SF:src\react\components\primitives\Divider.tsx
FN:1,Divider
FNF:1
FNH:1
FNDA:5,Divider
DA:2,5
DA:3,3
DA:11,2
LF:3
LH:3
BRDA:1,0,0,5
BRDA:2,1,0,3
BRDA:2,1,1,2
BRF:3
BRH:3
end_of_record
TN:
SF:src\react\components\primitives\EmptyState.tsx
FN:4,EmptyState
FNF:1
FNH:1
FNDA:4,EmptyState
DA:15,4
LF:1
LH:1
BRDA:22,0,0,4
BRDA:22,0,1,1
BRF:2
BRH:2
end_of_record
TN:
SF:src\react\components\primitives\ErrorState.tsx
FN:12,ErrorState
FNF:1
FNH:1
FNDA:9,ErrorState
DA:19,9
LF:1
LH:1
BRDA:13,0,0,9
BRDA:16,1,0,9
BRDA:17,2,0,9
BRDA:24,3,0,1
BRDA:24,3,1,8
BRDA:30,4,0,9
BRDA:30,4,1,1
BRDA:32,5,0,9
BRDA:32,5,1,2
BRF:9
BRH:9
end_of_record
TN:
SF:src\react\components\primitives\IconButton.tsx
FN:15,IconButton
FNF:1
FNH:1
FNDA:11,IconButton
DA:3,1
DA:9,1
DA:26,11
LF:3
LH:3
BRDA:17,0,0,11
BRDA:18,1,0,11
BRDA:19,2,0,11
BRF:3
BRH:3
end_of_record
TN:
SF:src\react\components\primitives\LoadingState.tsx
FN:15,LoadingState
FNF:1
FNH:1
FNDA:6,LoadingState
DA:9,1
DA:16,6
LF:2
LH:2
BRDA:15,0,0,6
BRDA:15,1,0,6
BRDA:15,2,0,6
BRDA:22,3,0,1
BRDA:22,3,1,5
BRF:5
BRH:5
end_of_record
TN:
SF:src\react\components\primitives\MetricCard.tsx
FN:3,MetricCard
FNF:1
FNH:1
FNDA:4,MetricCard
DA:4,4
LF:1
LH:1
BRF:0
BRH:0
end_of_record
TN:
SF:src\react\components\primitives\Modal.tsx
FN:31,Modal
FN:45,(anonymous_1)
FN:54,(anonymous_2)
FN:61,(anonymous_3)
FN:64,(anonymous_4)
FN:75,(anonymous_5)
FN:99,(anonymous_6)
FNF:7
FNH:6
FNDA:28,Modal
FNDA:28,(anonymous_1)
FNDA:28,(anonymous_2)
FNDA:28,(anonymous_3)
FNDA:2,(anonymous_4)
FNDA:0,(anonymous_5)
FNDA:26,(anonymous_6)
DA:15,2
DA:22,2
DA:41,28
DA:42,28
DA:45,28
DA:46,28
DA:47,26
DA:49,2
DA:54,28
DA:55,28
DA:56,26
DA:57,26
DA:61,28
DA:62,28
DA:64,26
DA:65,2
DA:66,2
DA:67,2
DA:68,2
DA:71,0
DA:73,0
DA:75,0
DA:77,0
DA:78,0
DA:79,0
DA:82,0
DA:83,0
DA:85,0
DA:86,0
DA:87,0
DA:88,0
DA:91,0
DA:92,0
DA:93,0
DA:98,26
DA:99,26
DA:102,28
DA:104,26
LF:38
LH:23
BRDA:36,0,0,28
BRDA:39,1,0,28
BRDA:46,2,0,26
BRDA:46,2,1,2
BRDA:55,3,0,2
BRDA:55,3,1,26
BRDA:55,4,0,28
BRDA:55,4,1,26
BRDA:57,5,0,26
BRDA:57,5,1,1
BRDA:62,6,0,2
BRDA:62,6,1,26
BRDA:65,7,0,2
BRDA:65,7,1,0
BRDA:71,8,0,0
BRDA:71,8,1,0
BRDA:71,9,0,0
BRDA:71,9,1,0
BRDA:77,10,0,0
BRDA:77,10,1,0
BRDA:85,11,0,0
BRDA:85,11,1,0
BRDA:86,12,0,0
BRDA:86,12,1,0
BRDA:91,13,0,0
BRDA:91,13,1,0
BRDA:102,14,0,2
BRDA:102,14,1,26
BRDA:109,15,0,12
BRDA:109,15,1,14
BRDA:110,16,0,1
BRDA:110,16,1,25
BRDA:114,17,0,12
BRDA:114,17,1,14
BRDA:127,18,0,28
BRDA:127,18,1,12
BRDA:131,19,0,12
BRDA:131,19,1,1
BRDA:146,20,0,28
BRDA:146,20,1,14
BRF:40
BRH:27
end_of_record
TN:
SF:src\react\components\primitives\Panel.tsx
FN:3,Panel
FNF:1
FNH:1
FNDA:10,Panel
DA:4,10
LF:1
LH:1
BRDA:3,0,0,10
BRDA:5,1,0,10
BRDA:5,1,1,6
BRDA:5,1,2,5
BRDA:5,1,3,6
BRDA:9,2,0,6
BRDA:9,2,1,2
BRDA:10,3,0,6
BRDA:10,3,1,4
BRF:9
BRH:9
end_of_record
TN:
SF:src\react\components\primitives\PlaceholderView.tsx
FN:3,PlaceholderView
FNF:1
FNH:1
FNDA:5,PlaceholderView
DA:14,5
LF:1
LH:1
BRDA:26,0,0,5
BRDA:26,0,1,3
BRF:2
BRH:2
end_of_record
TN:
SF:src\react\components\primitives\Select.tsx
FN:18,Select
FN:56,(anonymous_1)
FNF:2
FNH:2
FNDA:16,Select
FNDA:48,(anonymous_1)
DA:18,1
DA:22,16
DA:24,16
DA:57,48
LF:4
LH:4
BRDA:19,0,0,16
BRDA:19,1,0,16
BRDA:22,2,0,16
BRDA:22,2,1,15
BRDA:25,3,0,0
BRDA:25,3,1,16
BRDA:26,4,0,16
BRDA:26,4,1,11
BRDA:29,5,0,11
BRDA:29,5,1,1
BRDA:36,6,0,4
BRDA:36,6,1,12
BRDA:36,7,0,1
BRDA:36,7,1,11
BRDA:43,8,0,4
BRDA:43,8,1,12
BRDA:51,9,0,16
BRDA:51,9,1,1
BRDA:62,10,0,16
BRDA:62,10,1,4
BRDA:67,11,0,16
BRDA:67,11,1,12
BRDA:67,11,2,1
BRF:23
BRH:22
end_of_record
TN:
SF:src\react\components\primitives\Skeleton.tsx
FN:1,Skeleton
FN:4,(anonymous_1)
FNF:2
FNH:2
FNDA:6,Skeleton
FNDA:12,(anonymous_1)
DA:2,6
DA:5,12
LF:2
LH:2
BRDA:1,0,0,6
BRDA:1,1,0,6
BRDA:1,2,0,6
BRF:3
BRH:3
end_of_record
TN:
SF:src\react\components\primitives\TextInput.tsx
FN:10,TextInput
FNF:1
FNH:1
FNDA:17,TextInput
DA:10,1
DA:14,17
DA:16,17
LF:3
LH:3
BRDA:11,0,0,17
BRDA:11,1,0,17
BRDA:14,2,0,17
BRDA:14,2,1,16
BRDA:17,3,0,1
BRDA:17,3,1,16
BRDA:18,4,0,17
BRDA:18,4,1,14
BRDA:21,5,0,14
BRDA:21,5,1,1
BRDA:28,6,0,4
BRDA:28,6,1,13
BRDA:28,7,0,2
BRDA:28,7,1,11
BRDA:34,8,0,4
BRDA:34,8,1,13
BRDA:42,9,0,17
BRDA:42,9,1,4
BRDA:47,10,0,17
BRDA:47,10,1,13
BRDA:47,10,2,2
BRF:21
BRH:21
end_of_record
TN:
SF:src\react\components\primitives\Toast.tsx
FN:26,ToastItem
FN:29,(anonymous_1)
FN:30,(anonymous_2)
FN:31,(anonymous_3)
FN:45,(anonymous_4)
FN:54,ToastProvider
FN:58,(anonymous_6)
FN:59,(anonymous_7)
FN:59,(anonymous_8)
FN:62,(anonymous_9)
FN:64,(anonymous_10)
FN:77,(anonymous_11)
FN:85,useToast
FNF:13
FNH:13
FNDA:35,ToastItem
FNDA:17,(anonymous_1)
FNDA:1,(anonymous_2)
FNDA:17,(anonymous_3)
FNDA:1,(anonymous_4)
FNDA:31,ToastProvider
FNDA:2,(anonymous_6)
FNDA:2,(anonymous_7)
FNDA:2,(anonymous_8)
FNDA:17,(anonymous_9)
FNDA:17,(anonymous_10)
FNDA:35,(anonymous_11)
FNDA:34,useToast
DA:17,1
DA:19,1
DA:27,35
DA:29,35
DA:30,17
DA:31,17
DA:34,35
DA:45,1
DA:55,31
DA:56,31
DA:58,31
DA:59,2
DA:62,31
DA:63,17
DA:64,17
DA:67,31
DA:78,35
DA:86,34
DA:87,34
DA:88,31
LF:20
LH:20
BRDA:62,0,0,17
BRDA:62,1,0,17
BRDA:87,2,0,2
BRDA:87,2,1,32
BRF:4
BRH:4
end_of_record
TN:
SF:src\react\components\primitives\Tooltip.tsx
FN:3,Tooltip
FNF:1
FNH:1
FNDA:4,Tooltip
DA:4,4
LF:1
LH:1
BRF:0
BRH:0
end_of_record
TN:
SF:src\react\components\system\ErrorBoundary.tsx
FN:13,getDerivedStateFromError
FN:17,componentDidCatch
FN:22,render
FN:44,(anonymous_3)
FNF:4
FNH:0
FNDA:0,getDerivedStateFromError
FNDA:0,componentDidCatch
FNDA:0,render
FNDA:0,(anonymous_3)
DA:11,0
DA:14,0
DA:18,0
DA:19,0
DA:23,0
DA:25,0
DA:44,0
LF:7
LH:0
BRDA:14,0,0,0
BRDA:14,0,1,0
BRDA:19,1,0,0
BRDA:19,1,1,0
BRDA:23,2,0,0
BRDA:23,2,1,0
BRDA:40,3,0,0
BRDA:40,3,1,0
BRF:8
BRH:0
end_of_record
TN:
SF:src\react\components\systems\DiagnosticsPanel.tsx
FN:29,DiagnosticsPanel
FN:30,(anonymous_1)
FN:31,(anonymous_2)
FN:32,(anonymous_3)
FN:50,(anonymous_4)
FNF:5
FNH:0
FNDA:0,DiagnosticsPanel
FNDA:0,(anonymous_1)
FNDA:0,(anonymous_2)
FNDA:0,(anonymous_3)
FNDA:0,(anonymous_4)
DA:17,0
DA:23,0
DA:30,0
DA:31,0
DA:32,0
DA:34,0
DA:36,0
DA:51,0
LF:8
LH:0
BRDA:34,0,0,0
BRDA:34,0,1,0
BRDA:34,1,0,0
BRDA:34,1,1,0
BRDA:37,2,0,0
BRDA:37,2,1,0
BRDA:42,3,0,0
BRDA:42,3,1,0
BRDA:42,4,0,0
BRDA:42,4,1,0
BRDA:45,5,0,0
BRDA:45,5,1,0
BRDA:45,6,0,0
BRDA:45,6,1,0
BRDA:62,7,0,0
BRDA:62,7,1,0
BRF:16
BRH:0
end_of_record
TN:
SF:src\react\components\systems\MemoryPanel.tsx
FN:18,MemoryPanel
FN:19,(anonymous_1)
FN:20,(anonymous_2)
FN:34,(anonymous_3)
FN:48,(anonymous_4)
FNF:5
FNH:0
FNDA:0,MemoryPanel
FNDA:0,(anonymous_1)
FNDA:0,(anonymous_2)
FNDA:0,(anonymous_3)
FNDA:0,(anonymous_4)
DA:12,0
DA:19,0
DA:20,0
DA:21,0
DA:23,0
DA:24,0
DA:32,0
DA:35,0
DA:48,0
LF:9
LH:0
BRDA:18,0,0,0
BRDA:18,1,0,0
BRDA:23,2,0,0
BRDA:23,2,1,0
BRDA:38,3,0,0
BRDA:38,3,1,0
BRDA:41,4,0,0
BRDA:41,4,1,0
BRDA:45,5,0,0
BRDA:45,5,1,0
BRDA:49,6,0,0
BRDA:49,6,1,0
BRDA:51,7,0,0
BRDA:51,7,1,0
BRDA:59,8,0,0
BRDA:59,8,1,0
BRF:16
BRH:0
end_of_record
TN:
SF:src\react\components\workspace\ChatViewport.tsx
FN:28,ChatViewport
FN:41,(anonymous_1)
FN:68,(anonymous_2)
FN:72,(anonymous_3)
FN:104,(anonymous_4)
FN:119,QuickChip
FNF:6
FNH:0
FNDA:0,ChatViewport
FNDA:0,(anonymous_1)
FNDA:0,(anonymous_2)
FNDA:0,(anonymous_3)
FNDA:0,(anonymous_4)
FNDA:0,QuickChip
DA:19,0
DA:37,0
DA:38,0
DA:39,0
DA:41,0
DA:42,0
DA:43,0
DA:47,0
DA:69,0
DA:72,0
DA:105,0
DA:120,0
LF:12
LH:0
BRDA:37,0,0,0
BRDA:37,0,1,0
BRDA:38,1,0,0
BRDA:38,1,1,0
BRDA:42,2,0,0
BRDA:42,2,1,0
BRDA:42,3,0,0
BRDA:42,3,1,0
BRDA:49,4,0,0
BRDA:49,4,1,0
BRF:10
BRH:0
end_of_record
TN:
SF:src\react\components\workspace\InputConsole.tsx
FN:22,InputConsole
FN:34,(anonymous_1)
FN:42,(anonymous_2)
FN:46,(anonymous_3)
FN:77,(anonymous_4)
FN:97,(anonymous_5)
FN:112,(anonymous_6)
FN:130,(anonymous_7)
FN:131,(anonymous_8)
FN:158,IconBtn
FNF:10
FNH:0
FNDA:0,InputConsole
FNDA:0,(anonymous_1)
FNDA:0,(anonymous_2)
FNDA:0,(anonymous_3)
FNDA:0,(anonymous_4)
FNDA:0,(anonymous_5)
FNDA:0,(anonymous_6)
FNDA:0,(anonymous_7)
FNDA:0,(anonymous_8)
FNDA:0,IconBtn
DA:31,0
DA:32,0
DA:34,0
DA:35,0
DA:36,0
DA:37,0
DA:38,0
DA:39,0
DA:42,0
DA:43,0
DA:46,0
DA:47,0
DA:48,0
DA:49,0
DA:50,0
DA:54,0
DA:78,0
DA:79,0
DA:80,0
DA:87,0
DA:88,0
DA:98,0
DA:99,0
DA:100,0
DA:101,0
DA:103,0
DA:104,0
DA:113,0
DA:114,0
DA:115,0
DA:116,0
DA:117,0
DA:130,0
DA:132,0
DA:133,0
DA:134,0
DA:159,0
LF:37
LH:0
BRDA:36,0,0,0
BRDA:36,0,1,0
BRDA:47,1,0,0
BRDA:47,1,1,0
BRDA:49,2,0,0
BRDA:49,2,1,0
BRDA:59,3,0,0
BRDA:59,3,1,0
BRDA:60,4,0,0
BRDA:60,4,1,0
BRDA:62,5,0,0
BRDA:62,5,1,0
BRDA:63,6,0,0
BRDA:63,6,1,0
BRDA:79,7,0,0
BRDA:79,7,1,0
BRDA:87,8,0,0
BRDA:87,8,1,0
BRDA:87,9,0,0
BRDA:87,9,1,0
BRDA:95,10,0,0
BRDA:95,10,1,0
BRDA:98,11,0,0
BRDA:98,11,1,0
BRDA:101,12,0,0
BRDA:101,12,1,0
BRDA:101,13,0,0
BRDA:101,13,1,0
BRDA:104,14,0,0
BRDA:104,14,1,0
BRDA:115,15,0,0
BRDA:115,15,1,0
BRDA:117,16,0,0
BRDA:117,16,1,0
BRDA:132,17,0,0
BRDA:132,17,1,0
BRDA:132,18,0,0
BRDA:132,18,1,0
BRDA:132,18,2,0
BRDA:167,19,0,0
BRDA:167,19,1,0
BRF:41
BRH:0
end_of_record
TN:
SF:src\react\components\workspace\ResponseCard.tsx
FN:10,formatTime
FN:20,ResponseCard
FN:73,(anonymous_2)
FN:74,(anonymous_3)
FN:81,ActionBtn
FNF:5
FNH:0
FNDA:0,formatTime
FNDA:0,ResponseCard
FNDA:0,(anonymous_2)
FNDA:0,(anonymous_3)
FNDA:0,ActionBtn
DA:11,0
DA:12,0
DA:13,0
DA:14,0
DA:16,0
DA:21,0
DA:22,0
DA:24,0
DA:73,0
DA:74,0
DA:82,0
LF:11
LH:0
BRDA:11,0,0,0
BRDA:11,0,1,0
BRDA:26,1,0,0
BRDA:26,1,1,0
BRDA:27,2,0,0
BRDA:27,2,1,0
BRDA:34,3,0,0
BRDA:34,3,1,0
BRDA:39,4,0,0
BRDA:39,4,1,0
BRDA:43,5,0,0
BRDA:43,5,1,0
BRDA:46,6,0,0
BRDA:46,6,1,0
BRDA:52,7,0,0
BRDA:52,7,1,0
BRDA:58,8,0,0
BRDA:58,8,1,0
BRDA:59,9,0,0
BRDA:59,9,1,0
BRDA:59,10,0,0
BRDA:59,10,1,0
BRDA:63,11,0,0
BRDA:63,11,1,0
BRDA:72,12,0,0
BRDA:72,12,1,0
BRDA:74,13,0,0
BRDA:74,13,1,0
BRF:28
BRH:0
end_of_record
TN:
SF:src\react\components\workspace\TelemetryWidget.tsx
FN:12,TelemetryWidget
FN:19,(anonymous_1)
FN:32,(anonymous_2)
FNF:3
FNH:0
FNDA:0,TelemetryWidget
FNDA:0,(anonymous_1)
FNDA:0,(anonymous_2)
DA:19,0
DA:20,0
DA:22,0
DA:30,0
DA:33,0
LF:5
LH:0
BRDA:20,0,0,0
BRDA:20,0,1,0
BRDA:23,1,0,0
BRDA:23,1,1,0
BRDA:24,2,0,0
BRDA:24,2,1,0
BRF:6
BRH:0
end_of_record
TN:
SF:src\react\features\agents\AgentsView.tsx
FN:7,AgentsView
FN:18,(anonymous_1)
FN:25,(anonymous_2)
FN:29,(anonymous_3)
FN:30,(anonymous_4)
FNF:5
FNH:0
FNDA:0,AgentsView
FNDA:0,(anonymous_1)
FNDA:0,(anonymous_2)
FNDA:0,(anonymous_3)
FNDA:0,(anonymous_4)
DA:8,0
DA:10,0
DA:18,0
DA:26,0
DA:29,0
DA:30,0
LF:6
LH:0
BRF:0
BRH:0
end_of_record
TN:
SF:src\react\features\api-lab\ApiLabView.tsx
FN:8,ApiLabView
FN:17,(anonymous_1)
FN:22,(anonymous_2)
FN:37,(anonymous_3)
FN:38,(anonymous_4)
FN:43,(anonymous_5)
FN:43,(anonymous_6)
FN:60,(anonymous_7)
FN:64,(anonymous_8)
FN:69,(anonymous_9)
FN:70,(anonymous_10)
FN:82,(anonymous_11)
FN:88,(anonymous_12)
FN:99,(anonymous_13)
FN:104,(anonymous_14)
FN:111,(anonymous_15)
FN:115,(anonymous_16)
FN:129,(anonymous_17)
FN:143,(anonymous_18)
FNF:19
FNH:0
FNDA:0,ApiLabView
FNDA:0,(anonymous_1)
FNDA:0,(anonymous_2)
FNDA:0,(anonymous_3)
FNDA:0,(anonymous_4)
FNDA:0,(anonymous_5)
FNDA:0,(anonymous_6)
FNDA:0,(anonymous_7)
FNDA:0,(anonymous_8)
FNDA:0,(anonymous_9)
FNDA:0,(anonymous_10)
FNDA:0,(anonymous_11)
FNDA:0,(anonymous_12)
FNDA:0,(anonymous_13)
FNDA:0,(anonymous_14)
FNDA:0,(anonymous_15)
FNDA:0,(anonymous_16)
FNDA:0,(anonymous_17)
FNDA:0,(anonymous_18)
DA:6,0
DA:9,0
DA:10,0
DA:11,0
DA:12,0
DA:13,0
DA:14,0
DA:15,0
DA:17,0
DA:18,0
DA:19,0
DA:20,0
DA:21,0
DA:22,0
DA:23,0
DA:29,0
DA:30,0
DA:32,0
DA:34,0
DA:37,0
DA:38,0
DA:39,0
DA:40,0
DA:41,0
DA:43,0
DA:45,0
DA:60,0
DA:64,0
DA:69,0
DA:70,0
DA:83,0
DA:88,0
DA:100,0
DA:104,0
DA:111,0
DA:115,0
DA:129,0
DA:143,0
LF:38
LH:0
BRDA:18,0,0,0
BRDA:18,0,1,0
BRDA:22,1,0,0
BRDA:22,1,1,0
BRDA:27,2,0,0
BRDA:27,2,1,0
BRDA:70,3,0,0
BRDA:70,3,1,0
BRDA:76,4,0,0
BRDA:76,4,1,0
BRDA:89,5,0,0
BRDA:89,5,1,0
BRDA:97,6,0,0
BRDA:97,6,1,0
BRDA:126,7,0,0
BRDA:126,7,1,0
BRDA:135,8,0,0
BRDA:135,8,1,0
BRDA:137,9,0,0
BRDA:137,9,1,0
BRDA:140,10,0,0
BRDA:140,10,1,0
BRDA:140,11,0,0
BRDA:140,11,1,0
BRDA:140,12,0,0
BRDA:140,12,1,0
BRF:26
BRH:0
end_of_record
TN:
SF:src\react\features\browser\BrowserView.tsx
FN:29,BrowserView
FN:48,(anonymous_1)
FN:60,(anonymous_2)
FN:70,(anonymous_3)
FN:71,(anonymous_4)
FN:72,(anonymous_5)
FN:74,(anonymous_6)
FN:80,(anonymous_7)
FN:84,(anonymous_8)
FN:85,(anonymous_9)
FN:86,(anonymous_10)
FN:88,(anonymous_11)
FN:98,(anonymous_12)
FN:103,(anonymous_13)
FN:108,(anonymous_14)
FN:113,(anonymous_15)
FN:119,(anonymous_16)
FN:124,(anonymous_17)
FN:130,(anonymous_18)
FN:136,(anonymous_19)
FN:141,(anonymous_20)
FN:147,(anonymous_21)
FN:150,(anonymous_22)
FN:152,(anonymous_23)
FN:156,(anonymous_24)
FN:160,(anonymous_25)
FN:163,(anonymous_26)
FN:165,(anonymous_27)
FN:167,(anonymous_28)
FN:174,(anonymous_29)
FN:175,(anonymous_30)
FN:192,(anonymous_31)
FN:201,(anonymous_32)
FN:201,(anonymous_33)
FN:208,(anonymous_34)
FN:208,(anonymous_35)
FN:211,(anonymous_36)
FN:212,(anonymous_37)
FN:212,(anonymous_38)
FN:220,(anonymous_39)
FN:221,(anonymous_40)
FN:255,(anonymous_41)
FN:258,(anonymous_42)
FN:285,(anonymous_43)
FN:292,(anonymous_44)
FN:301,(anonymous_45)
FN:301,(anonymous_46)
FN:308,(anonymous_47)
FN:311,(anonymous_48)
FN:313,(anonymous_49)
FN:316,(anonymous_50)
FN:325,(anonymous_51)
FN:325,(anonymous_52)
FN:334,(anonymous_53)
FN:338,(anonymous_54)
FN:339,(anonymous_55)
FN:349,(anonymous_56)
FN:349,(anonymous_57)
FN:357,(anonymous_58)
FN:360,(anonymous_59)
FN:392,(anonymous_60)
FN:393,(anonymous_61)
FN:397,(anonymous_62)
FN:420,(anonymous_63)
FN:432,(anonymous_64)
FN:433,(anonymous_65)
FN:449,(anonymous_66)
FNF:67
FNH:0
FNDA:0,BrowserView
FNDA:0,(anonymous_1)
FNDA:0,(anonymous_2)
FNDA:0,(anonymous_3)
FNDA:0,(anonymous_4)
FNDA:0,(anonymous_5)
FNDA:0,(anonymous_6)
FNDA:0,(anonymous_7)
FNDA:0,(anonymous_8)
FNDA:0,(anonymous_9)
FNDA:0,(anonymous_10)
FNDA:0,(anonymous_11)
FNDA:0,(anonymous_12)
FNDA:0,(anonymous_13)
FNDA:0,(anonymous_14)
FNDA:0,(anonymous_15)
FNDA:0,(anonymous_16)
FNDA:0,(anonymous_17)
FNDA:0,(anonymous_18)
FNDA:0,(anonymous_19)
FNDA:0,(anonymous_20)
FNDA:0,(anonymous_21)
FNDA:0,(anonymous_22)
FNDA:0,(anonymous_23)
FNDA:0,(anonymous_24)
FNDA:0,(anonymous_25)
FNDA:0,(anonymous_26)
FNDA:0,(anonymous_27)
FNDA:0,(anonymous_28)
FNDA:0,(anonymous_29)
FNDA:0,(anonymous_30)
FNDA:0,(anonymous_31)
FNDA:0,(anonymous_32)
FNDA:0,(anonymous_33)
FNDA:0,(anonymous_34)
FNDA:0,(anonymous_35)
FNDA:0,(anonymous_36)
FNDA:0,(anonymous_37)
FNDA:0,(anonymous_38)
FNDA:0,(anonymous_39)
FNDA:0,(anonymous_40)
FNDA:0,(anonymous_41)
FNDA:0,(anonymous_42)
FNDA:0,(anonymous_43)
FNDA:0,(anonymous_44)
FNDA:0,(anonymous_45)
FNDA:0,(anonymous_46)
FNDA:0,(anonymous_47)
FNDA:0,(anonymous_48)
FNDA:0,(anonymous_49)
FNDA:0,(anonymous_50)
FNDA:0,(anonymous_51)
FNDA:0,(anonymous_52)
FNDA:0,(anonymous_53)
FNDA:0,(anonymous_54)
FNDA:0,(anonymous_55)
FNDA:0,(anonymous_56)
FNDA:0,(anonymous_57)
FNDA:0,(anonymous_58)
FNDA:0,(anonymous_59)
FNDA:0,(anonymous_60)
FNDA:0,(anonymous_61)
FNDA:0,(anonymous_62)
FNDA:0,(anonymous_63)
FNDA:0,(anonymous_64)
FNDA:0,(anonymous_65)
FNDA:0,(anonymous_66)
DA:30,0
DA:31,0
DA:32,0
DA:33,0
DA:34,0
DA:35,0
DA:36,0
DA:37,0
DA:38,0
DA:39,0
DA:40,0
DA:41,0
DA:42,0
DA:43,0
DA:44,0
DA:45,0
DA:46,0
DA:48,0
DA:49,0
DA:50,0
DA:51,0
DA:52,0
DA:60,0
DA:61,0
DA:62,0
DA:63,0
DA:64,0
DA:65,0
DA:66,0
DA:67,0
DA:70,0
DA:71,0
DA:72,0
DA:74,0
DA:75,0
DA:76,0
DA:77,0
DA:80,0
DA:81,0
DA:84,0
DA:85,0
DA:86,0
DA:88,0
DA:89,0
DA:90,0
DA:91,0
DA:92,0
DA:94,0
DA:98,0
DA:99,0
DA:103,0
DA:104,0
DA:105,0
DA:108,0
DA:109,0
DA:110,0
DA:113,0
DA:114,0
DA:115,0
DA:119,0
DA:120,0
DA:121,0
DA:124,0
DA:125,0
DA:126,0
DA:130,0
DA:131,0
DA:132,0
DA:136,0
DA:137,0
DA:138,0
DA:141,0
DA:142,0
DA:143,0
DA:147,0
DA:148,0
DA:149,0
DA:150,0
DA:151,0
DA:153,0
DA:154,0
DA:155,0
DA:156,0
DA:160,0
DA:161,0
DA:162,0
DA:163,0
DA:164,0
DA:165,0
DA:166,0
DA:167,0
DA:168,0
DA:169,0
DA:174,0
DA:175,0
DA:176,0
DA:177,0
DA:178,0
DA:180,0
DA:181,0
DA:182,0
DA:184,0
DA:185,0
DA:191,0
DA:192,0
DA:200,0
DA:201,0
DA:202,0
DA:207,0
DA:208,0
DA:209,0
DA:211,0
DA:212,0
DA:216,0
DA:220,0
DA:221,0
DA:222,0
DA:223,0
DA:225,0
DA:226,0
DA:227,0
DA:228,0
DA:230,0
DA:231,0
DA:232,0
DA:235,0
DA:236,0
DA:237,0
DA:239,0
DA:240,0
DA:241,0
DA:243,0
DA:244,0
DA:245,0
DA:247,0
DA:248,0
DA:249,0
DA:251,0
DA:254,0
DA:255,0
DA:258,0
DA:260,0
DA:285,0
DA:292,0
DA:301,0
DA:308,0
DA:312,0
DA:313,0
DA:316,0
DA:325,0
DA:334,0
DA:339,0
DA:349,0
DA:357,0
DA:361,0
DA:392,0
DA:393,0
DA:397,0
DA:420,0
DA:432,0
DA:433,0
DA:449,0
LF:162
LH:0
BRDA:50,0,0,0
BRDA:50,0,1,0
BRDA:50,1,0,0
BRDA:50,1,1,0
BRDA:61,2,0,0
BRDA:61,2,1,0
BRDA:63,3,0,0
BRDA:63,3,1,0
BRDA:75,4,0,0
BRDA:75,4,1,0
BRDA:89,5,0,0
BRDA:89,5,1,0
BRDA:99,6,0,0
BRDA:99,6,1,0
BRDA:109,7,0,0
BRDA:109,7,1,0
BRDA:132,8,0,0
BRDA:132,8,1,0
BRDA:151,9,0,0
BRDA:151,9,1,0
BRDA:151,10,0,0
BRDA:151,10,1,0
BRDA:161,11,0,0
BRDA:161,11,1,0
BRDA:166,12,0,0
BRDA:166,12,1,0
BRDA:176,13,0,0
BRDA:176,13,1,0
BRDA:176,14,0,0
BRDA:176,14,1,0
BRDA:180,15,0,0
BRDA:180,15,1,0
BRDA:184,16,0,0
BRDA:184,16,1,0
BRDA:184,17,0,0
BRDA:184,17,1,0
BRDA:186,18,0,0
BRDA:186,18,1,0
BRDA:187,19,0,0
BRDA:187,19,1,0
BRDA:188,20,0,0
BRDA:188,20,1,0
BRDA:191,21,0,0
BRDA:191,21,1,0
BRDA:197,22,0,0
BRDA:197,22,1,0
BRDA:200,23,0,0
BRDA:200,23,1,0
BRDA:202,24,0,0
BRDA:202,24,1,0
BRDA:203,25,0,0
BRDA:203,25,1,0
BRDA:207,26,0,0
BRDA:207,26,1,0
BRDA:209,27,0,0
BRDA:209,27,1,0
BRDA:222,28,0,0
BRDA:222,28,1,0
BRDA:222,29,0,0
BRDA:222,29,1,0
BRDA:223,30,0,0
BRDA:223,30,1,0
BRDA:223,30,2,0
BRDA:223,30,3,0
BRDA:223,30,4,0
BRDA:223,30,5,0
BRDA:223,30,6,0
BRDA:247,31,0,0
BRDA:247,31,1,0
BRDA:292,32,0,0
BRDA:292,32,1,0
BRDA:293,33,0,0
BRDA:293,33,1,0
BRDA:294,34,0,0
BRDA:294,34,1,0
BRDA:296,35,0,0
BRDA:296,35,1,0
BRDA:304,36,0,0
BRDA:304,36,1,0
BRDA:310,37,0,0
BRDA:310,37,1,0
BRDA:328,38,0,0
BRDA:328,38,1,0
BRDA:337,39,0,0
BRDA:337,39,1,0
BRDA:340,40,0,0
BRDA:340,40,1,0
BRDA:351,41,0,0
BRDA:351,41,1,0
BRDA:353,42,0,0
BRDA:353,42,1,0
BRDA:359,43,0,0
BRDA:359,43,1,0
BRDA:365,44,0,0
BRDA:365,44,1,0
BRDA:381,45,0,0
BRDA:381,45,1,0
BRDA:381,46,0,0
BRDA:381,46,1,0
BRDA:382,47,0,0
BRDA:382,47,1,0
BRDA:393,48,0,0
BRDA:393,48,1,0
BRDA:402,49,0,0
BRDA:402,49,1,0
BRDA:403,50,0,0
BRDA:403,50,1,0
BRDA:414,51,0,0
BRDA:414,51,1,0
BRDA:415,52,0,0
BRDA:415,52,1,0
BRDA:426,53,0,0
BRDA:426,53,1,0
BRDA:433,54,0,0
BRDA:433,54,1,0
BRDA:445,55,0,0
BRDA:445,55,1,0
BRDA:448,56,0,0
BRDA:448,56,1,0
BRDA:462,57,0,0
BRDA:462,57,1,0
BRDA:464,58,0,0
BRDA:464,58,1,0
BRF:123
BRH:0
end_of_record
TN:
SF:src\react\features\cache\CacheView.tsx
FN:7,CacheView
FN:14,(anonymous_1)
FNF:2
FNH:0
FNDA:0,CacheView
FNDA:0,(anonymous_1)
DA:8,0
DA:15,0
LF:2
LH:0
BRDA:10,0,0,0
BRDA:10,0,1,0
BRDA:24,1,0,0
BRDA:24,1,1,0
BRDA:24,2,0,0
BRDA:24,2,1,0
BRF:6
BRH:0
end_of_record
TN:
SF:src\react\features\canvas\CanvasView.tsx
FN:23,CanvasView
FN:31,(anonymous_1)
FN:32,(anonymous_2)
FN:33,(anonymous_3)
FN:35,(anonymous_4)
FN:38,(anonymous_5)
FN:44,(anonymous_6)
FN:45,(anonymous_7)
FN:51,(anonymous_8)
FN:55,(anonymous_9)
FN:67,(anonymous_10)
FN:72,(anonymous_11)
FN:76,(anonymous_12)
FN:77,(anonymous_13)
FN:93,(anonymous_14)
FN:97,(anonymous_15)
FN:111,(anonymous_16)
FN:111,(anonymous_17)
FN:114,(anonymous_18)
FN:114,(anonymous_19)
FN:125,(anonymous_20)
FNF:21
FNH:0
FNDA:0,CanvasView
FNDA:0,(anonymous_1)
FNDA:0,(anonymous_2)
FNDA:0,(anonymous_3)
FNDA:0,(anonymous_4)
FNDA:0,(anonymous_5)
FNDA:0,(anonymous_6)
FNDA:0,(anonymous_7)
FNDA:0,(anonymous_8)
FNDA:0,(anonymous_9)
FNDA:0,(anonymous_10)
FNDA:0,(anonymous_11)
FNDA:0,(anonymous_12)
FNDA:0,(anonymous_13)
FNDA:0,(anonymous_14)
FNDA:0,(anonymous_15)
FNDA:0,(anonymous_16)
FNDA:0,(anonymous_17)
FNDA:0,(anonymous_18)
FNDA:0,(anonymous_19)
FNDA:0,(anonymous_20)
DA:6,0
DA:14,0
DA:24,0
DA:25,0
DA:26,0
DA:27,0
DA:28,0
DA:29,0
DA:31,0
DA:32,0
DA:33,0
DA:35,0
DA:36,0
DA:38,0
DA:39,0
DA:40,0
DA:44,0
DA:45,0
DA:46,0
DA:47,0
DA:51,0
DA:52,0
DA:53,0
DA:54,0
DA:55,0
DA:56,0
DA:57,0
DA:59,0
DA:60,0
DA:62,0
DA:63,0
DA:67,0
DA:68,0
DA:69,0
DA:72,0
DA:74,0
DA:76,0
DA:77,0
DA:80,0
DA:93,0
DA:98,0
DA:111,0
DA:114,0
DA:125,0
LF:44
LH:0
BRDA:33,0,0,0
BRDA:33,0,1,0
BRDA:47,1,0,0
BRDA:47,1,1,0
BRDA:54,2,0,0
BRDA:54,2,1,0
BRDA:74,3,0,0
BRDA:74,3,1,0
BRDA:77,4,0,0
BRDA:77,4,1,0
BRDA:102,5,0,0
BRDA:102,5,1,0
BRDA:111,6,0,0
BRDA:111,6,1,0
BRDA:114,7,0,0
BRDA:114,7,1,0
BRDA:134,8,0,0
BRDA:134,8,1,0
BRDA:136,9,0,0
BRDA:136,9,1,0
BRDA:139,10,0,0
BRDA:139,10,1,0
BRDA:149,11,0,0
BRDA:149,11,1,0
BRF:24
BRH:0
end_of_record
TN:
SF:src\react\features\cli-maker\CliMakerView.tsx
FN:4,CliMakerView
FN:13,(anonymous_1)
FN:35,(anonymous_2)
FN:52,(anonymous_3)
FN:60,(anonymous_4)
FN:68,(anonymous_5)
FN:77,(anonymous_6)
FNF:7
FNH:0
FNDA:0,CliMakerView
FNDA:0,(anonymous_1)
FNDA:0,(anonymous_2)
FNDA:0,(anonymous_3)
FNDA:0,(anonymous_4)
FNDA:0,(anonymous_5)
FNDA:0,(anonymous_6)
DA:5,0
DA:6,0
DA:7,0
DA:8,0
DA:13,0
DA:14,0
DA:15,0
DA:16,0
DA:17,0
DA:20,0
DA:36,0
DA:52,0
DA:60,0
DA:68,0
DA:77,0
LF:15
LH:0
BRDA:14,0,0,0
BRDA:14,0,1,0
BRF:2
BRH:0
end_of_record
TN:
SF:src\react\features\diagnostics\DiagnosticsView.tsx
FN:8,DiagnosticsView
FN:16,(anonymous_1)
FN:19,(anonymous_2)
FN:65,(anonymous_3)
FN:73,buildRuntimeChecks
FN:120,RuntimeRow
FN:129,LogCard
FNF:7
FNH:0
FNDA:0,DiagnosticsView
FNDA:0,(anonymous_1)
FNDA:0,(anonymous_2)
FNDA:0,(anonymous_3)
FNDA:0,buildRuntimeChecks
FNDA:0,RuntimeRow
FNDA:0,LogCard
DA:9,0
DA:11,0
DA:16,0
DA:19,0
DA:65,0
DA:74,0
DA:121,0
DA:130,0
DA:131,0
DA:132,0
LF:10
LH:0
BRDA:23,0,0,0
BRDA:23,0,1,0
BRDA:30,1,0,0
BRDA:30,1,1,0
BRDA:31,2,0,0
BRDA:31,2,1,0
BRDA:36,3,0,0
BRDA:36,3,1,0
BRDA:55,4,0,0
BRDA:55,4,1,0
BRDA:78,5,0,0
BRDA:78,5,1,0
BRDA:79,6,0,0
BRDA:79,6,1,0
BRDA:84,7,0,0
BRDA:84,7,1,0
BRDA:85,8,0,0
BRDA:85,8,1,0
BRDA:90,9,0,0
BRDA:90,9,1,0
BRDA:91,10,0,0
BRDA:91,10,1,0
BRDA:96,11,0,0
BRDA:96,11,1,0
BRDA:97,12,0,0
BRDA:97,12,1,0
BRDA:102,13,0,0
BRDA:102,13,1,0
BRDA:103,14,0,0
BRDA:103,14,1,0
BRDA:108,15,0,0
BRDA:108,15,1,0
BRDA:109,16,0,0
BRDA:109,16,1,0
BRDA:120,17,0,0
BRDA:124,18,0,0
BRDA:124,18,1,0
BRDA:130,19,0,0
BRDA:130,19,1,0
BRDA:130,20,0,0
BRDA:130,20,1,0
BRDA:131,21,0,0
BRDA:131,21,1,0
BRDA:131,22,0,0
BRDA:131,22,1,0
BRDA:135,23,0,0
BRDA:135,23,1,0
BRDA:135,24,0,0
BRDA:135,24,1,0
BRDA:143,25,0,0
BRDA:143,25,1,0
BRF:51
BRH:0
end_of_record
TN:
SF:src\react\features\docs\DocsView.tsx
FN:18,DocsView
FN:25,(anonymous_1)
FN:34,(anonymous_2)
FN:38,(anonymous_3)
FN:48,(anonymous_4)
FN:59,(anonymous_5)
FN:92,(anonymous_6)
FN:93,(anonymous_7)
FN:110,(anonymous_8)
FN:111,(anonymous_9)
FN:126,(anonymous_10)
FN:139,(anonymous_11)
FNF:12
FNH:0
FNDA:0,DocsView
FNDA:0,(anonymous_1)
FNDA:0,(anonymous_2)
FNDA:0,(anonymous_3)
FNDA:0,(anonymous_4)
FNDA:0,(anonymous_5)
FNDA:0,(anonymous_6)
FNDA:0,(anonymous_7)
FNDA:0,(anonymous_8)
FNDA:0,(anonymous_9)
FNDA:0,(anonymous_10)
FNDA:0,(anonymous_11)
DA:19,0
DA:20,0
DA:21,0
DA:22,0
DA:23,0
DA:25,0
DA:26,0
DA:27,0
DA:28,0
DA:29,0
DA:31,0
DA:34,0
DA:35,0
DA:38,0
DA:39,0
DA:40,0
DA:41,0
DA:42,0
DA:43,0
DA:45,0
DA:48,0
DA:49,0
DA:50,0
DA:51,0
DA:52,0
DA:53,0
DA:54,0
DA:56,0
DA:59,0
DA:60,0
DA:61,0
DA:62,0
DA:63,0
DA:64,0
DA:66,0
DA:69,0
DA:92,0
DA:93,0
DA:110,0
DA:111,0
DA:127,0
DA:140,0
LF:42
LH:0
BRDA:29,0,0,0
BRDA:29,0,1,0
BRDA:39,1,0,0
BRDA:39,1,1,0
BRDA:43,2,0,0
BRDA:43,2,1,0
BRDA:49,3,0,0
BRDA:49,3,1,0
BRDA:81,4,0,0
BRDA:81,4,1,0
BRDA:93,5,0,0
BRDA:93,5,1,0
BRDA:111,6,0,0
BRDA:111,6,1,0
BRDA:129,7,0,0
BRDA:129,7,1,0
BRDA:132,8,0,0
BRDA:132,8,1,0
BRDA:137,9,0,0
BRDA:137,9,1,0
BRF:20
BRH:0
end_of_record
TN:
SF:src\react\features\execution\ExecutionView.tsx
FN:6,ExecutionView
FN:18,(anonymous_1)
FN:24,(anonymous_2)
FN:31,(anonymous_3)
FN:35,(anonymous_4)
FN:46,(anonymous_5)
FN:55,RunCard
FN:92,Row
FNF:8
FNH:0
FNDA:0,ExecutionView
FNDA:0,(anonymous_1)
FNDA:0,(anonymous_2)
FNDA:0,(anonymous_3)
FNDA:0,(anonymous_4)
FNDA:0,(anonymous_5)
FNDA:0,RunCard
FNDA:0,Row
DA:7,0
DA:18,0
DA:24,0
DA:32,0
DA:35,0
DA:46,0
DA:56,0
DA:57,0
DA:58,0
DA:93,0
LF:10
LH:0
BRDA:11,0,0,0
BRDA:11,0,1,0
BRDA:35,1,0,0
BRDA:35,1,1,0
BRDA:40,2,0,0
BRDA:40,2,1,0
BRDA:56,3,0,0
BRDA:56,3,1,0
BRDA:56,4,0,0
BRDA:56,4,1,0
BRDA:57,5,0,0
BRDA:57,5,1,0
BRDA:57,6,0,0
BRDA:57,6,1,0
BRDA:74,7,0,0
BRDA:74,7,1,0
BRDA:75,8,0,0
BRDA:75,8,1,0
BRDA:82,9,0,0
BRDA:82,9,1,0
BRDA:82,9,2,0
BRDA:83,10,0,0
BRDA:83,10,1,0
BRDA:84,11,0,0
BRDA:84,11,1,0
BRDA:85,12,0,0
BRDA:85,12,1,0
BRF:27
BRH:0
end_of_record
TN:
SF:src\react\features\exports\ExportsView.tsx
FN:5,ExportsView
FN:15,(anonymous_1)
FN:21,(anonymous_2)
FN:39,(anonymous_3)
FN:53,(anonymous_4)
FN:67,ExportAction
FN:81,ExportRow
FNF:7
FNH:0
FNDA:0,ExportsView
FNDA:0,(anonymous_1)
FNDA:0,(anonymous_2)
FNDA:0,(anonymous_3)
FNDA:0,(anonymous_4)
FNDA:0,ExportAction
FNDA:0,ExportRow
DA:6,0
DA:15,0
DA:21,0
DA:39,0
DA:53,0
DA:68,0
DA:82,0
LF:7
LH:0
BRDA:25,0,0,0
BRDA:25,0,1,0
BRDA:39,1,0,0
BRDA:39,1,1,0
BRDA:58,2,0,0
BRDA:58,2,1,0
BRF:6
BRH:0
end_of_record
TN:
SF:src\react\features\fonts\FontManagerView.tsx
FN:11,FontManagerView
FN:15,(anonymous_1)
FN:16,(anonymous_2)
FN:23,(anonymous_3)
FN:37,(anonymous_4)
FN:37,(anonymous_5)
FN:49,(anonymous_6)
FN:54,(anonymous_7)
FN:63,(anonymous_8)
FN:68,(anonymous_9)
FN:72,(anonymous_10)
FN:83,(anonymous_11)
FN:90,(anonymous_12)
FNF:13
FNH:0
FNDA:0,FontManagerView
FNDA:0,(anonymous_1)
FNDA:0,(anonymous_2)
FNDA:0,(anonymous_3)
FNDA:0,(anonymous_4)
FNDA:0,(anonymous_5)
FNDA:0,(anonymous_6)
FNDA:0,(anonymous_7)
FNDA:0,(anonymous_8)
FNDA:0,(anonymous_9)
FNDA:0,(anonymous_10)
FNDA:0,(anonymous_11)
FNDA:0,(anonymous_12)
DA:7,0
DA:8,0
DA:9,0
DA:12,0
DA:13,0
DA:15,0
DA:16,0
DA:17,0
DA:18,0
DA:19,0
DA:23,0
DA:24,0
DA:27,0
DA:37,0
DA:49,0
DA:54,0
DA:63,0
DA:69,0
DA:72,0
DA:84,0
DA:85,0
DA:86,0
DA:90,0
LF:23
LH:0
BRDA:18,0,0,0
BRDA:18,0,1,0
BRDA:19,1,0,0
BRDA:19,1,1,0
BRDA:53,2,0,0
BRDA:53,2,1,0
BRDA:64,3,0,0
BRDA:64,3,1,0
BRDA:73,4,0,0
BRDA:73,4,1,0
BRDA:85,5,0,0
BRDA:85,5,1,0
BRDA:92,6,0,0
BRDA:92,6,1,0
BRDA:97,7,0,0
BRDA:97,7,1,0
BRDA:123,8,0,0
BRDA:123,8,1,0
BRDA:133,9,0,0
BRDA:133,9,1,0
BRF:20
BRH:0
end_of_record
TN:
SF:src\react\features\git\GitView.tsx
FN:6,GitView
FN:16,(anonymous_1)
FN:35,(anonymous_2)
FN:39,(anonymous_3)
FN:40,(anonymous_4)
FN:45,(anonymous_5)
FN:46,(anonymous_6)
FN:51,(anonymous_7)
FN:56,(anonymous_8)
FN:63,(anonymous_9)
FN:66,(anonymous_10)
FN:99,(anonymous_11)
FN:108,(anonymous_12)
FN:114,(anonymous_13)
FN:126,(anonymous_14)
FN:130,(anonymous_15)
FN:137,(anonymous_16)
FN:140,(anonymous_17)
FN:155,(anonymous_18)
FN:174,(anonymous_19)
FN:178,(anonymous_20)
FNF:21
FNH:0
FNDA:0,GitView
FNDA:0,(anonymous_1)
FNDA:0,(anonymous_2)
FNDA:0,(anonymous_3)
FNDA:0,(anonymous_4)
FNDA:0,(anonymous_5)
FNDA:0,(anonymous_6)
FNDA:0,(anonymous_7)
FNDA:0,(anonymous_8)
FNDA:0,(anonymous_9)
FNDA:0,(anonymous_10)
FNDA:0,(anonymous_11)
FNDA:0,(anonymous_12)
FNDA:0,(anonymous_13)
FNDA:0,(anonymous_14)
FNDA:0,(anonymous_15)
FNDA:0,(anonymous_16)
FNDA:0,(anonymous_17)
FNDA:0,(anonymous_18)
FNDA:0,(anonymous_19)
FNDA:0,(anonymous_20)
DA:7,0
DA:8,0
DA:9,0
DA:10,0
DA:11,0
DA:12,0
DA:13,0
DA:14,0
DA:16,0
DA:17,0
DA:18,0
DA:19,0
DA:20,0
DA:21,0
DA:22,0
DA:24,0
DA:25,0
DA:26,0
DA:28,0
DA:29,0
DA:30,0
DA:32,0
DA:35,0
DA:36,0
DA:39,0
DA:40,0
DA:41,0
DA:42,0
DA:45,0
DA:46,0
DA:47,0
DA:48,0
DA:51,0
DA:52,0
DA:53,0
DA:56,0
DA:57,0
DA:58,0
DA:59,0
DA:60,0
DA:63,0
DA:64,0
DA:66,0
DA:76,0
DA:99,0
DA:108,0
DA:114,0
DA:126,0
DA:130,0
DA:137,0
DA:140,0
DA:156,0
DA:175,0
DA:178,0
LF:54
LH:0
BRDA:20,0,0,0
BRDA:20,0,1,0
BRDA:21,1,0,0
BRDA:21,1,1,0
BRDA:22,2,0,0
BRDA:22,2,1,0
BRDA:41,3,0,0
BRDA:41,3,1,0
BRDA:47,4,0,0
BRDA:47,4,1,0
BRDA:52,5,0,0
BRDA:52,5,1,0
BRDA:87,6,0,0
BRDA:87,6,1,0
BRDA:100,7,0,0
BRDA:100,7,1,0
BRDA:109,8,0,0
BRDA:109,8,1,0
BRDA:115,9,0,0
BRDA:115,9,1,0
BRDA:130,10,0,0
BRDA:130,10,1,0
BRDA:146,11,0,0
BRDA:146,11,1,0
BRDA:165,12,0,0
BRDA:165,12,1,0
BRDA:179,13,0,0
BRDA:179,13,1,0
BRDA:185,14,0,0
BRDA:185,14,1,0
BRF:30
BRH:0
end_of_record
TN:
SF:src\react\features\graph\GraphView.tsx
FN:3,GraphView
FNF:1
FNH:0
FNDA:0,GraphView
DA:4,0
LF:1
LH:0
BRF:0
BRH:0
end_of_record
TN:
SF:src\react\features\ide\IDEView.tsx
FN:23,getLanguage
FN:38,getLangIcon
FN:48,IDEView
FN:58,(anonymous_3)
FN:59,(anonymous_4)
FN:62,(anonymous_5)
FN:74,(anonymous_6)
FN:79,(anonymous_7)
FN:80,(anonymous_8)
FN:88,(anonymous_9)
FN:95,(anonymous_10)
FN:100,(anonymous_11)
FN:100,(anonymous_12)
FN:107,(anonymous_13)
FN:108,(anonymous_14)
FN:109,(anonymous_15)
FN:110,(anonymous_16)
FN:118,(anonymous_17)
FN:121,(anonymous_18)
FN:121,(anonymous_19)
FN:125,(anonymous_20)
FN:131,(anonymous_21)
FN:134,(anonymous_22)
FN:139,(anonymous_23)
FN:141,(anonymous_24)
FN:148,(anonymous_25)
FN:162,(anonymous_26)
FN:164,(anonymous_27)
FN:191,(anonymous_28)
FN:205,(anonymous_29)
FN:218,(anonymous_30)
FN:222,(anonymous_31)
FN:239,(anonymous_32)
FN:243,(anonymous_33)
FN:254,(anonymous_34)
FN:280,(anonymous_35)
FN:318,(anonymous_36)
FN:322,(anonymous_37)
FN:337,IconBtn
FNF:39
FNH:0
FNDA:0,getLanguage
FNDA:0,getLangIcon
FNDA:0,IDEView
FNDA:0,(anonymous_3)
FNDA:0,(anonymous_4)
FNDA:0,(anonymous_5)
FNDA:0,(anonymous_6)
FNDA:0,(anonymous_7)
FNDA:0,(anonymous_8)
FNDA:0,(anonymous_9)
FNDA:0,(anonymous_10)
FNDA:0,(anonymous_11)
FNDA:0,(anonymous_12)
FNDA:0,(anonymous_13)
FNDA:0,(anonymous_14)
FNDA:0,(anonymous_15)
FNDA:0,(anonymous_16)
FNDA:0,(anonymous_17)
FNDA:0,(anonymous_18)
FNDA:0,(anonymous_19)
FNDA:0,(anonymous_20)
FNDA:0,(anonymous_21)
FNDA:0,(anonymous_22)
FNDA:0,(anonymous_23)
FNDA:0,(anonymous_24)
FNDA:0,(anonymous_25)
FNDA:0,(anonymous_26)
FNDA:0,(anonymous_27)
FNDA:0,(anonymous_28)
FNDA:0,(anonymous_29)
FNDA:0,(anonymous_30)
FNDA:0,(anonymous_31)
FNDA:0,(anonymous_32)
FNDA:0,(anonymous_33)
FNDA:0,(anonymous_34)
FNDA:0,(anonymous_35)
FNDA:0,(anonymous_36)
FNDA:0,(anonymous_37)
FNDA:0,IconBtn
DA:24,0
DA:25,0
DA:35,0
DA:39,0
DA:45,0
DA:49,0
DA:50,0
DA:51,0
DA:52,0
DA:53,0
DA:54,0
DA:55,0
DA:56,0
DA:58,0
DA:59,0
DA:62,0
DA:63,0
DA:64,0
DA:65,0
DA:66,0
DA:67,0
DA:69,0
DA:71,0
DA:74,0
DA:75,0
DA:76,0
DA:79,0
DA:80,0
DA:81,0
DA:82,0
DA:83,0
DA:85,0
DA:86,0
DA:87,0
DA:88,0
DA:89,0
DA:91,0
DA:95,0
DA:96,0
DA:97,0
DA:98,0
DA:99,0
DA:100,0
DA:101,0
DA:103,0
DA:107,0
DA:108,0
DA:109,0
DA:110,0
DA:111,0
DA:112,0
DA:114,0
DA:118,0
DA:119,0
DA:120,0
DA:121,0
DA:122,0
DA:125,0
DA:126,0
DA:127,0
DA:131,0
DA:132,0
DA:133,0
DA:134,0
DA:135,0
DA:139,0
DA:141,0
DA:142,0
DA:143,0
DA:144,0
DA:148,0
DA:149,0
DA:150,0
DA:151,0
DA:152,0
DA:153,0
DA:154,0
DA:155,0
DA:156,0
DA:158,0
DA:162,0
DA:163,0
DA:164,0
DA:165,0
DA:166,0
DA:167,0
DA:168,0
DA:169,0
DA:170,0
DA:171,0
DA:173,0
DA:177,0
DA:191,0
DA:206,0
DA:207,0
DA:219,0
DA:222,0
DA:240,0
DA:243,0
DA:254,0
DA:281,0
DA:282,0
DA:283,0
DA:285,0
DA:286,0
DA:287,0
DA:288,0
DA:289,0
DA:290,0
DA:291,0
DA:292,0
DA:318,0
DA:323,0
DA:338,0
LF:114
LH:0
BRDA:24,0,0,0
BRDA:24,0,1,0
BRDA:35,1,0,0
BRDA:35,1,1,0
BRDA:45,2,0,0
BRDA:45,2,1,0
BRDA:58,3,0,0
BRDA:62,4,0,0
BRDA:65,5,0,0
BRDA:65,5,1,0
BRDA:66,6,0,0
BRDA:66,6,1,0
BRDA:81,7,0,0
BRDA:81,7,1,0
BRDA:96,8,0,0
BRDA:96,8,1,0
BRDA:96,9,0,0
BRDA:96,9,1,0
BRDA:100,10,0,0
BRDA:100,10,1,0
BRDA:111,11,0,0
BRDA:111,11,1,0
BRDA:112,12,0,0
BRDA:112,12,1,0
BRDA:112,12,2,0
BRDA:119,13,0,0
BRDA:119,13,1,0
BRDA:119,14,0,0
BRDA:119,14,1,0
BRDA:121,15,0,0
BRDA:121,15,1,0
BRDA:126,16,0,0
BRDA:126,16,1,0
BRDA:126,17,0,0
BRDA:126,17,1,0
BRDA:132,18,0,0
BRDA:132,18,1,0
BRDA:132,19,0,0
BRDA:132,19,1,0
BRDA:142,20,0,0
BRDA:142,20,1,0
BRDA:142,21,0,0
BRDA:142,21,1,0
BRDA:150,22,0,0
BRDA:150,22,1,0
BRDA:151,23,0,0
BRDA:151,23,1,0
BRDA:163,24,0,0
BRDA:163,24,1,0
BRDA:165,25,0,0
BRDA:165,25,1,0
BRDA:166,26,0,0
BRDA:166,26,1,0
BRDA:191,27,0,0
BRDA:191,27,1,0
BRDA:202,28,0,0
BRDA:202,28,1,0
BRDA:214,29,0,0
BRDA:214,29,1,0
BRDA:215,30,0,0
BRDA:215,30,1,0
BRDA:222,31,0,0
BRDA:222,31,1,0
BRDA:224,32,0,0
BRDA:224,32,1,0
BRDA:227,33,0,0
BRDA:227,33,1,0
BRDA:237,34,0,0
BRDA:237,34,1,0
BRDA:245,35,0,0
BRDA:245,35,1,0
BRDA:251,36,0,0
BRDA:251,36,1,0
BRDA:267,37,0,0
BRDA:267,37,1,0
BRDA:272,38,0,0
BRDA:272,38,1,0
BRDA:281,39,0,0
BRDA:281,39,1,0
BRDA:281,40,0,0
BRDA:281,40,1,0
BRDA:281,40,2,0
BRDA:285,41,0,0
BRDA:285,41,1,0
BRDA:321,42,0,0
BRDA:321,42,1,0
BRDA:324,43,0,0
BRDA:324,43,1,0
BRDA:324,44,0,0
BRDA:324,44,1,0
BRDA:324,45,0,0
BRDA:324,45,1,0
BRF:92
BRH:0
end_of_record
TN:
SF:src\react\features\maintenance\MaintenanceView.tsx
FN:6,MaintenanceView
FN:38,(anonymous_1)
FN:45,(anonymous_2)
FN:52,(anonymous_3)
FN:63,(anonymous_4)
FN:71,(anonymous_5)
FN:99,InfoRow
FN:108,ActionRow
FNF:8
FNH:0
FNDA:0,MaintenanceView
FNDA:0,(anonymous_1)
FNDA:0,(anonymous_2)
FNDA:0,(anonymous_3)
FNDA:0,(anonymous_4)
FNDA:0,(anonymous_5)
FNDA:0,InfoRow
FNDA:0,ActionRow
DA:7,0
DA:9,0
DA:38,0
DA:45,0
DA:52,0
DA:63,0
DA:72,0
DA:100,0
DA:109,0
DA:115,0
LF:10
LH:0
BRDA:15,0,0,0
BRDA:15,0,1,0
BRDA:21,1,0,0
BRDA:21,1,1,0
BRDA:22,2,0,0
BRDA:22,2,1,0
BRDA:69,3,0,0
BRDA:69,3,1,0
BRDA:74,4,0,0
BRDA:74,4,1,0
BRDA:79,5,0,0
BRDA:79,5,1,0
BRDA:80,6,0,0
BRDA:80,6,1,0
BRDA:80,7,0,0
BRDA:80,7,1,0
BRF:16
BRH:0
end_of_record
TN:
SF:src\react\features\memory\MemoryView.tsx
FN:8,MemoryView
FN:10,(anonymous_1)
FN:13,(anonymous_2)
FN:24,(anonymous_3)
FN:31,(anonymous_4)
FN:37,(anonymous_5)
FNF:6
FNH:0
FNDA:0,MemoryView
FNDA:0,(anonymous_1)
FNDA:0,(anonymous_2)
FNDA:0,(anonymous_3)
FNDA:0,(anonymous_4)
FNDA:0,(anonymous_5)
DA:9,0
DA:10,0
DA:11,0
DA:12,0
DA:13,0
DA:16,0
DA:24,0
DA:32,0
DA:37,0
LF:9
LH:0
BRDA:12,0,0,0
BRDA:12,0,1,0
BRDA:32,1,0,0
BRDA:32,1,1,0
BRDA:37,2,0,0
BRDA:37,2,1,0
BRDA:37,3,0,0
BRDA:37,3,1,0
BRDA:44,4,0,0
BRDA:44,4,1,0
BRDA:44,5,0,0
BRDA:44,5,1,0
BRF:12
BRH:0
end_of_record
TN:
SF:src\react\features\models\ModelsView.tsx
FN:8,ModelsView
FN:13,(anonymous_1)
FN:18,(anonymous_2)
FN:19,(anonymous_3)
FN:20,(anonymous_4)
FN:21,(anonymous_5)
FN:31,(anonymous_6)
FN:47,(anonymous_7)
FNF:8
FNH:0
FNDA:0,ModelsView
FNDA:0,(anonymous_1)
FNDA:0,(anonymous_2)
FNDA:0,(anonymous_3)
FNDA:0,(anonymous_4)
FNDA:0,(anonymous_5)
FNDA:0,(anonymous_6)
FNDA:0,(anonymous_7)
DA:9,0
DA:14,0
DA:18,0
DA:19,0
DA:20,0
DA:21,0
DA:31,0
DA:48,0
LF:8
LH:0
BRDA:37,0,0,0
BRDA:37,0,1,0
BRDA:40,1,0,0
BRDA:40,1,1,0
BRDA:51,2,0,0
BRDA:51,2,1,0
BRF:6
BRH:0
end_of_record
TN:
SF:src\react\features\orchestrator\OrchestratorView.tsx
FN:21,OrchestratorView
FN:35,(anonymous_1)
FN:55,(anonymous_2)
FNF:3
FNH:0
FNDA:0,OrchestratorView
FNDA:0,(anonymous_1)
FNDA:0,(anonymous_2)
DA:12,0
DA:22,0
DA:24,0
DA:35,0
DA:56,0
LF:5
LH:0
BRDA:35,0,0,0
BRDA:35,0,1,0
BRDA:36,1,0,0
BRDA:36,1,1,0
BRDA:61,2,0,0
BRDA:61,2,1,0
BRDA:61,3,0,0
BRDA:61,3,1,0
BRDA:62,4,0,0
BRDA:62,4,1,0
BRDA:62,5,0,0
BRDA:62,5,1,0
BRF:12
BRH:0
end_of_record
TN:
SF:src\react\features\plugins\PluginsView.tsx
FN:11,PluginsView
FN:18,(anonymous_1)
FN:30,(anonymous_2)
FN:34,(anonymous_3)
FN:44,(anonymous_4)
FN:55,(anonymous_5)
FN:68,(anonymous_6)
FN:112,(anonymous_7)
FN:113,(anonymous_8)
FN:142,(anonymous_9)
FN:154,(anonymous_10)
FN:181,(anonymous_11)
FN:197,(anonymous_12)
FNF:13
FNH:0
FNDA:0,PluginsView
FNDA:0,(anonymous_1)
FNDA:0,(anonymous_2)
FNDA:0,(anonymous_3)
FNDA:0,(anonymous_4)
FNDA:0,(anonymous_5)
FNDA:0,(anonymous_6)
FNDA:0,(anonymous_7)
FNDA:0,(anonymous_8)
FNDA:0,(anonymous_9)
FNDA:0,(anonymous_10)
FNDA:0,(anonymous_11)
FNDA:0,(anonymous_12)
DA:12,0
DA:13,0
DA:14,0
DA:15,0
DA:16,0
DA:18,0
DA:19,0
DA:20,0
DA:21,0
DA:22,0
DA:23,0
DA:25,0
DA:27,0
DA:30,0
DA:31,0
DA:34,0
DA:35,0
DA:36,0
DA:37,0
DA:38,0
DA:40,0
DA:44,0
DA:45,0
DA:46,0
DA:47,0
DA:48,0
DA:49,0
DA:51,0
DA:55,0
DA:56,0
DA:57,0
DA:58,0
DA:59,0
DA:60,0
DA:61,0
DA:63,0
DA:65,0
DA:68,0
DA:69,0
DA:70,0
DA:71,0
DA:73,0
DA:77,0
DA:112,0
DA:113,0
DA:143,0
DA:154,0
DA:182,0
DA:197,0
LF:49
LH:0
BRDA:23,0,0,0
BRDA:23,0,1,0
BRDA:45,1,0,0
BRDA:45,1,1,0
BRDA:56,2,0,0
BRDA:56,2,1,0
BRDA:102,3,0,0
BRDA:102,3,1,0
BRDA:113,4,0,0
BRDA:113,4,1,0
BRDA:121,5,0,0
BRDA:121,5,1,0
BRDA:124,6,0,0
BRDA:124,6,1,0
BRDA:128,7,0,0
BRDA:128,7,1,0
BRDA:135,8,0,0
BRDA:135,8,1,0
BRDA:135,8,2,0
BRDA:137,9,0,0
BRDA:137,9,1,0
BRDA:137,9,2,0
BRDA:155,10,0,0
BRDA:155,10,1,0
BRDA:159,11,0,0
BRDA:159,11,1,0
BRDA:163,12,0,0
BRDA:163,12,1,0
BRDA:166,13,0,0
BRDA:166,13,1,0
BRDA:169,14,0,0
BRDA:169,14,1,0
BRDA:174,15,0,0
BRDA:174,15,1,0
BRDA:179,16,0,0
BRDA:179,16,1,0
BRDA:190,17,0,0
BRDA:190,17,1,0
BRDA:191,18,0,0
BRDA:191,18,1,0
BRDA:192,19,0,0
BRDA:192,19,1,0
BRDA:194,20,0,0
BRDA:194,20,1,0
BRDA:206,21,0,0
BRDA:206,21,1,0
BRF:46
BRH:0
end_of_record
TN:
SF:src\react\features\project\ProjectView.tsx
FN:7,ProjectView
FN:18,(anonymous_1)
FN:49,(anonymous_2)
FN:57,(anonymous_3)
FN:76,(anonymous_4)
FN:79,(anonymous_5)
FN:89,InfoCard
FN:97,(anonymous_7)
FN:103,Checklist
FN:108,(anonymous_9)
FNF:10
FNH:0
FNDA:0,ProjectView
FNDA:0,(anonymous_1)
FNDA:0,(anonymous_2)
FNDA:0,(anonymous_3)
FNDA:0,(anonymous_4)
FNDA:0,(anonymous_5)
FNDA:0,InfoCard
FNDA:0,(anonymous_7)
FNDA:0,Checklist
FNDA:0,(anonymous_9)
DA:8,0
DA:10,0
DA:11,0
DA:18,0
DA:27,0
DA:28,0
DA:30,0
DA:49,0
DA:57,0
DA:76,0
DA:79,0
DA:90,0
DA:97,0
DA:104,0
DA:109,0
LF:15
LH:0
BRDA:10,0,0,0
BRDA:10,0,1,0
BRDA:63,1,0,0
BRDA:63,1,1,0
BRDA:89,2,0,0
BRDA:89,3,0,0
BRDA:97,4,0,0
BRDA:97,4,1,0
BRDA:111,5,0,0
BRDA:111,5,1,0
BRDA:111,6,0,0
BRDA:111,6,1,0
BRF:12
BRH:0
end_of_record
TN:
SF:src\react\features\prompt-lab\PromptLabView.tsx
FN:18,tokenCount
FN:22,defaultValues
FN:30,macroStep
FN:39,PromptLabView
FN:59,(anonymous_4)
FN:60,(anonymous_5)
FN:63,(anonymous_6)
FN:67,(anonymous_7)
FN:71,(anonymous_8)
FN:79,(anonymous_9)
FN:91,(anonymous_10)
FN:93,load
FN:114,(anonymous_12)
FN:117,(anonymous_13)
FN:119,(anonymous_14)
FN:120,(anonymous_15)
FN:122,(anonymous_16)
FN:125,(anonymous_17)
FN:127,loadSuggestions
FN:135,(anonymous_19)
FN:136,(anonymous_20)
FN:139,(anonymous_21)
FN:140,(anonymous_22)
FN:144,(anonymous_23)
FN:153,(anonymous_24)
FN:159,(anonymous_25)
FN:175,(anonymous_26)
FN:191,(anonymous_27)
FN:210,(anonymous_28)
FN:233,(anonymous_29)
FN:239,(anonymous_30)
FN:240,(anonymous_31)
FN:305,(anonymous_32)
FN:309,(anonymous_33)
FN:321,(anonymous_34)
FN:325,(anonymous_35)
FN:357,(anonymous_36)
FN:367,(anonymous_37)
FN:375,(anonymous_38)
FN:378,(anonymous_39)
FN:387,(anonymous_40)
FN:413,(anonymous_41)
FN:414,(anonymous_42)
FN:425,(anonymous_43)
FN:432,(anonymous_44)
FN:433,(anonymous_45)
FN:449,(anonymous_46)
FN:454,(anonymous_47)
FN:455,(anonymous_48)
FN:471,(anonymous_49)
FN:476,(anonymous_50)
FNF:51
FNH:0
FNDA:0,tokenCount
FNDA:0,defaultValues
FNDA:0,macroStep
FNDA:0,PromptLabView
FNDA:0,(anonymous_4)
FNDA:0,(anonymous_5)
FNDA:0,(anonymous_6)
FNDA:0,(anonymous_7)
FNDA:0,(anonymous_8)
FNDA:0,(anonymous_9)
FNDA:0,(anonymous_10)
FNDA:0,load
FNDA:0,(anonymous_12)
FNDA:0,(anonymous_13)
FNDA:0,(anonymous_14)
FNDA:0,(anonymous_15)
FNDA:0,(anonymous_16)
FNDA:0,(anonymous_17)
FNDA:0,loadSuggestions
FNDA:0,(anonymous_19)
FNDA:0,(anonymous_20)
FNDA:0,(anonymous_21)
FNDA:0,(anonymous_22)
FNDA:0,(anonymous_23)
FNDA:0,(anonymous_24)
FNDA:0,(anonymous_25)
FNDA:0,(anonymous_26)
FNDA:0,(anonymous_27)
FNDA:0,(anonymous_28)
FNDA:0,(anonymous_29)
FNDA:0,(anonymous_30)
FNDA:0,(anonymous_31)
FNDA:0,(anonymous_32)
FNDA:0,(anonymous_33)
FNDA:0,(anonymous_34)
FNDA:0,(anonymous_35)
FNDA:0,(anonymous_36)
FNDA:0,(anonymous_37)
FNDA:0,(anonymous_38)
FNDA:0,(anonymous_39)
FNDA:0,(anonymous_40)
FNDA:0,(anonymous_41)
FNDA:0,(anonymous_42)
FNDA:0,(anonymous_43)
FNDA:0,(anonymous_44)
FNDA:0,(anonymous_45)
FNDA:0,(anonymous_46)
FNDA:0,(anonymous_47)
FNDA:0,(anonymous_48)
FNDA:0,(anonymous_49)
FNDA:0,(anonymous_50)
DA:19,0
DA:23,0
DA:24,0
DA:25,0
DA:27,0
DA:31,0
DA:40,0
DA:41,0
DA:42,0
DA:43,0
DA:44,0
DA:45,0
DA:46,0
DA:47,0
DA:48,0
DA:49,0
DA:50,0
DA:51,0
DA:52,0
DA:53,0
DA:54,0
DA:56,0
DA:57,0
DA:59,0
DA:60,0
DA:63,0
DA:64,0
DA:67,0
DA:68,0
DA:71,0
DA:72,0
DA:73,0
DA:74,0
DA:75,0
DA:76,0
DA:79,0
DA:80,0
DA:81,0
DA:82,0
DA:83,0
DA:84,0
DA:85,0
DA:86,0
DA:88,0
DA:91,0
DA:92,0
DA:94,0
DA:95,0
DA:96,0
DA:97,0
DA:98,0
DA:99,0
DA:100,0
DA:101,0
DA:102,0
DA:103,0
DA:104,0
DA:105,0
DA:107,0
DA:110,0
DA:113,0
DA:114,0
DA:117,0
DA:118,0
DA:119,0
DA:120,0
DA:122,0
DA:125,0
DA:126,0
DA:128,0
DA:129,0
DA:130,0
DA:132,0
DA:133,0
DA:135,0
DA:136,0
DA:139,0
DA:140,0
DA:144,0
DA:145,0
DA:146,0
DA:147,0
DA:148,0
DA:150,0
DA:153,0
DA:154,0
DA:155,0
DA:156,0
DA:159,0
DA:160,0
DA:161,0
DA:162,0
DA:164,0
DA:165,0
DA:166,0
DA:171,0
DA:172,0
DA:175,0
DA:176,0
DA:177,0
DA:178,0
DA:180,0
DA:187,0
DA:188,0
DA:191,0
DA:192,0
DA:193,0
DA:194,0
DA:195,0
DA:196,0
DA:197,0
DA:199,0
DA:204,0
DA:205,0
DA:206,0
DA:207,0
DA:210,0
DA:211,0
DA:212,0
DA:213,0
DA:214,0
DA:215,0
DA:217,0
DA:218,0
DA:220,0
DA:221,0
DA:223,0
DA:224,0
DA:226,0
DA:227,0
DA:230,0
DA:233,0
DA:234,0
DA:235,0
DA:236,0
DA:239,0
DA:240,0
DA:241,0
DA:242,0
DA:244,0
DA:245,0
DA:246,0
DA:248,0
DA:251,0
DA:252,0
DA:253,0
DA:256,0
DA:257,0
DA:258,0
DA:261,0
DA:262,0
DA:263,0
DA:266,0
DA:267,0
DA:272,0
DA:306,0
DA:309,0
DA:322,0
DA:325,0
DA:358,0
DA:367,0
DA:375,0
DA:379,0
DA:387,0
DA:414,0
DA:426,0
DA:432,0
DA:433,0
DA:449,0
DA:455,0
DA:471,0
DA:476,0
LF:172
LH:0
BRDA:24,0,0,0
BRDA:24,0,1,0
BRDA:25,1,0,0
BRDA:25,1,1,0
BRDA:56,2,0,0
BRDA:56,2,1,0
BRDA:60,3,0,0
BRDA:60,3,1,0
BRDA:72,4,0,0
BRDA:72,4,1,0
BRDA:75,5,0,0
BRDA:75,5,1,0
BRDA:76,6,0,0
BRDA:76,6,1,0
BRDA:79,7,0,0
BRDA:85,8,0,0
BRDA:85,8,1,0
BRDA:98,9,0,0
BRDA:98,9,1,0
BRDA:101,10,0,0
BRDA:101,10,1,0
BRDA:101,10,2,0
BRDA:104,11,0,0
BRDA:104,11,1,0
BRDA:110,12,0,0
BRDA:110,12,1,0
BRDA:118,13,0,0
BRDA:118,13,1,0
BRDA:128,14,0,0
BRDA:128,14,1,0
BRDA:133,15,0,0
BRDA:133,15,1,0
BRDA:140,16,0,0
BRDA:140,16,1,0
BRDA:144,17,0,0
BRDA:147,18,0,0
BRDA:147,18,1,0
BRDA:150,19,0,0
BRDA:150,19,1,0
BRDA:154,20,0,0
BRDA:154,20,1,0
BRDA:160,21,0,0
BRDA:160,21,1,0
BRDA:160,22,0,0
BRDA:160,22,1,0
BRDA:160,22,2,0
BRDA:176,23,0,0
BRDA:176,23,1,0
BRDA:176,24,0,0
BRDA:176,24,1,0
BRDA:176,24,2,0
BRDA:192,25,0,0
BRDA:192,25,1,0
BRDA:214,26,0,0
BRDA:214,26,1,0
BRDA:214,27,0,0
BRDA:214,27,1,0
BRDA:217,28,0,0
BRDA:217,28,1,0
BRDA:217,29,0,0
BRDA:217,29,1,0
BRDA:218,30,0,0
BRDA:218,30,1,0
BRDA:220,31,0,0
BRDA:220,31,1,0
BRDA:220,32,0,0
BRDA:220,32,1,0
BRDA:221,33,0,0
BRDA:221,33,1,0
BRDA:223,34,0,0
BRDA:223,34,1,0
BRDA:224,35,0,0
BRDA:224,35,1,0
BRDA:226,36,0,0
BRDA:226,36,1,0
BRDA:241,37,0,0
BRDA:241,37,1,0
BRDA:244,38,0,0
BRDA:244,38,1,0
BRDA:245,39,0,0
BRDA:245,39,1,0
BRDA:251,40,0,0
BRDA:251,40,1,0
BRDA:251,41,0,0
BRDA:251,41,1,0
BRDA:256,42,0,0
BRDA:256,42,1,0
BRDA:256,43,0,0
BRDA:256,43,1,0
BRDA:261,44,0,0
BRDA:261,44,1,0
BRDA:266,45,0,0
BRDA:266,45,1,0
BRDA:266,46,0,0
BRDA:266,46,1,0
BRDA:310,47,0,0
BRDA:310,47,1,0
BRDA:326,48,0,0
BRDA:326,48,1,0
BRDA:339,49,0,0
BRDA:339,49,1,0
BRDA:340,50,0,0
BRDA:340,50,1,0
BRDA:343,51,0,0
BRDA:343,51,1,0
BRDA:344,52,0,0
BRDA:344,52,1,0
BRDA:354,53,0,0
BRDA:354,53,1,0
BRDA:354,54,0,0
BRDA:354,54,1,0
BRDA:357,55,0,0
BRDA:357,55,1,0
BRDA:361,56,0,0
BRDA:361,56,1,0
BRDA:363,57,0,0
BRDA:363,57,1,0
BRDA:366,58,0,0
BRDA:366,58,1,0
BRDA:371,59,0,0
BRDA:371,59,1,0
BRDA:371,60,0,0
BRDA:371,60,1,0
BRDA:371,60,2,0
BRDA:374,61,0,0
BRDA:374,61,1,0
BRDA:374,61,2,0
BRDA:386,62,0,0
BRDA:386,62,1,0
BRDA:397,63,0,0
BRDA:397,63,1,0
BRDA:403,64,0,0
BRDA:403,64,1,0
BRDA:404,65,0,0
BRDA:404,65,1,0
BRDA:405,66,0,0
BRDA:405,66,1,0
BRDA:413,67,0,0
BRDA:413,67,1,0
BRDA:425,68,0,0
BRDA:425,68,1,0
BRF:141
BRH:0
end_of_record
TN:
SF:src\react\features\recovery\RecoveryView.tsx
FN:7,RecoveryView
FN:33,(anonymous_1)
FN:40,(anonymous_2)
FN:66,(anonymous_3)
FN:74,(anonymous_4)
FN:82,(anonymous_5)
FN:93,(anonymous_6)
FN:119,RecoveryAction
FNF:8
FNH:0
FNDA:0,RecoveryView
FNDA:0,(anonymous_1)
FNDA:0,(anonymous_2)
FNDA:0,(anonymous_3)
FNDA:0,(anonymous_4)
FNDA:0,(anonymous_5)
FNDA:0,(anonymous_6)
FNDA:0,RecoveryAction
DA:8,0
DA:10,0
DA:33,0
DA:40,0
DA:66,0
DA:74,0
DA:82,0
DA:94,0
DA:127,0
LF:9
LH:0
BRDA:16,0,0,0
BRDA:16,0,1,0
BRDA:23,1,0,0
BRDA:23,1,1,0
BRDA:91,2,0,0
BRDA:91,2,1,0
BRDA:97,3,0,0
BRDA:97,3,1,0
BRDA:97,4,0,0
BRDA:97,4,1,0
BRF:10
BRH:0
end_of_record
TN:
SF:src\react\features\remote\RemoteView.tsx
FN:12,RemoteView
FN:22,(anonymous_1)
FN:23,(anonymous_2)
FN:26,(anonymous_3)
FN:36,(anonymous_4)
FN:39,(anonymous_5)
FN:42,(anonymous_6)
FN:46,(anonymous_7)
FN:52,(anonymous_8)
FN:55,(anonymous_9)
FN:56,(anonymous_10)
FN:66,(anonymous_11)
FN:71,(anonymous_12)
FN:76,(anonymous_13)
FN:78,(anonymous_14)
FN:83,(anonymous_15)
FN:87,(anonymous_16)
FN:97,(anonymous_17)
FN:100,(anonymous_18)
FN:119,(anonymous_19)
FN:123,(anonymous_20)
FN:166,(anonymous_21)
FN:222,(anonymous_22)
FN:226,(anonymous_23)
FNF:24
FNH:0
FNDA:0,RemoteView
FNDA:0,(anonymous_1)
FNDA:0,(anonymous_2)
FNDA:0,(anonymous_3)
FNDA:0,(anonymous_4)
FNDA:0,(anonymous_5)
FNDA:0,(anonymous_6)
FNDA:0,(anonymous_7)
FNDA:0,(anonymous_8)
FNDA:0,(anonymous_9)
FNDA:0,(anonymous_10)
FNDA:0,(anonymous_11)
FNDA:0,(anonymous_12)
FNDA:0,(anonymous_13)
FNDA:0,(anonymous_14)
FNDA:0,(anonymous_15)
FNDA:0,(anonymous_16)
FNDA:0,(anonymous_17)
FNDA:0,(anonymous_18)
FNDA:0,(anonymous_19)
FNDA:0,(anonymous_20)
FNDA:0,(anonymous_21)
FNDA:0,(anonymous_22)
FNDA:0,(anonymous_23)
DA:13,0
DA:14,0
DA:15,0
DA:16,0
DA:17,0
DA:18,0
DA:19,0
DA:20,0
DA:22,0
DA:23,0
DA:26,0
DA:27,0
DA:28,0
DA:29,0
DA:30,0
DA:31,0
DA:36,0
DA:37,0
DA:38,0
DA:39,0
DA:42,0
DA:43,0
DA:44,0
DA:46,0
DA:48,0
DA:52,0
DA:53,0
DA:54,0
DA:55,0
DA:56,0
DA:57,0
DA:58,0
DA:59,0
DA:60,0
DA:62,0
DA:66,0
DA:67,0
DA:71,0
DA:72,0
DA:76,0
DA:77,0
DA:78,0
DA:79,0
DA:80,0
DA:81,0
DA:82,0
DA:83,0
DA:85,0
DA:86,0
DA:87,0
DA:89,0
DA:90,0
DA:92,0
DA:93,0
DA:97,0
DA:100,0
DA:101,0
DA:102,0
DA:103,0
DA:104,0
DA:105,0
DA:107,0
DA:108,0
DA:109,0
DA:111,0
DA:113,0
DA:115,0
DA:119,0
DA:120,0
DA:123,0
DA:124,0
DA:125,0
DA:126,0
DA:129,0
DA:166,0
DA:222,0
DA:227,0
LF:77
LH:0
BRDA:22,0,0,0
BRDA:30,1,0,0
BRDA:30,1,1,0
BRDA:30,2,0,0
BRDA:30,2,1,0
BRDA:43,3,0,0
BRDA:43,3,1,0
BRDA:43,4,0,0
BRDA:43,4,1,0
BRDA:53,5,0,0
BRDA:53,5,1,0
BRDA:53,6,0,0
BRDA:53,6,1,0
BRDA:54,7,0,0
BRDA:54,7,1,0
BRDA:57,8,0,0
BRDA:57,8,1,0
BRDA:58,9,0,0
BRDA:58,9,1,0
BRDA:67,10,0,0
BRDA:67,10,1,0
BRDA:77,11,0,0
BRDA:77,11,1,0
BRDA:81,12,0,0
BRDA:81,12,1,0
BRDA:85,13,0,0
BRDA:85,13,1,0
BRDA:89,14,0,0
BRDA:89,14,1,0
BRDA:92,15,0,0
BRDA:92,15,1,0
BRDA:103,16,0,0
BRDA:103,16,1,0
BRDA:120,17,0,0
BRDA:120,17,1,0
BRDA:132,18,0,0
BRDA:132,18,1,0
BRDA:133,19,0,0
BRDA:133,19,1,0
BRDA:147,20,0,0
BRDA:147,20,1,0
BRDA:149,21,0,0
BRDA:149,21,1,0
BRDA:151,22,0,0
BRDA:151,22,1,0
BRDA:151,22,2,0
BRDA:153,23,0,0
BRDA:153,23,1,0
BRDA:167,24,0,0
BRDA:167,24,1,0
BRDA:176,25,0,0
BRDA:176,25,1,0
BRDA:181,26,0,0
BRDA:181,26,1,0
BRDA:183,27,0,0
BRDA:183,27,1,0
BRDA:192,28,0,0
BRDA:192,28,1,0
BRDA:192,28,2,0
BRDA:194,29,0,0
BRDA:194,29,1,0
BRDA:205,30,0,0
BRDA:205,30,1,0
BRDA:208,31,0,0
BRDA:208,31,1,0
BRDA:211,32,0,0
BRDA:211,32,1,0
BRDA:225,33,0,0
BRDA:225,33,1,0
BRDA:228,34,0,0
BRDA:228,34,1,0
BRDA:228,35,0,0
BRDA:228,35,1,0
BRDA:228,36,0,0
BRDA:228,36,1,0
BRF:75
BRH:0
end_of_record
TN:
SF:src\react\features\scheduler\SchedulerView.tsx
FN:7,SchedulerView
FN:14,(anonymous_1)
FN:23,(anonymous_2)
FN:27,(anonymous_3)
FN:42,(anonymous_4)
FN:49,(anonymous_5)
FN:56,(anonymous_6)
FN:83,(anonymous_7)
FN:91,(anonymous_8)
FN:99,(anonymous_9)
FN:118,(anonymous_10)
FN:126,(anonymous_11)
FN:129,(anonymous_12)
FN:132,(anonymous_13)
FNF:14
FNH:0
FNDA:0,SchedulerView
FNDA:0,(anonymous_1)
FNDA:0,(anonymous_2)
FNDA:0,(anonymous_3)
FNDA:0,(anonymous_4)
FNDA:0,(anonymous_5)
FNDA:0,(anonymous_6)
FNDA:0,(anonymous_7)
FNDA:0,(anonymous_8)
FNDA:0,(anonymous_9)
FNDA:0,(anonymous_10)
FNDA:0,(anonymous_11)
FNDA:0,(anonymous_12)
FNDA:0,(anonymous_13)
DA:8,0
DA:9,0
DA:10,0
DA:11,0
DA:12,0
DA:14,0
DA:15,0
DA:16,0
DA:17,0
DA:18,0
DA:20,0
DA:23,0
DA:24,0
DA:27,0
DA:28,0
DA:29,0
DA:30,0
DA:36,0
DA:37,0
DA:38,0
DA:42,0
DA:43,0
DA:44,0
DA:45,0
DA:49,0
DA:50,0
DA:51,0
DA:52,0
DA:56,0
DA:57,0
DA:58,0
DA:59,0
DA:63,0
DA:83,0
DA:91,0
DA:99,0
DA:119,0
DA:126,0
DA:129,0
DA:132,0
LF:40
LH:0
BRDA:28,0,0,0
BRDA:28,0,1,0
BRDA:28,1,0,0
BRDA:28,1,1,0
BRDA:74,2,0,0
BRDA:74,2,1,0
BRDA:115,3,0,0
BRDA:115,3,1,0
BRDA:115,3,2,0
BRDA:120,4,0,0
BRDA:120,4,1,0
BRDA:124,5,0,0
BRDA:124,5,1,0
BRDA:129,6,0,0
BRDA:129,6,1,0
BRDA:130,7,0,0
BRDA:130,7,1,0
BRF:17
BRH:0
end_of_record
TN:
SF:src\react\features\security\SecurityView.tsx
FN:8,SecurityView
FN:12,(anonymous_1)
FN:13,(anonymous_2)
FN:57,(anonymous_3)
FN:64,(anonymous_4)
FN:118,HardeningRow
FN:129,CredentialRow
FNF:7
FNH:0
FNDA:0,SecurityView
FNDA:0,(anonymous_1)
FNDA:0,(anonymous_2)
FNDA:0,(anonymous_3)
FNDA:0,(anonymous_4)
FNDA:0,HardeningRow
FNDA:0,CredentialRow
DA:9,0
DA:10,0
DA:12,0
DA:13,0
DA:16,0
DA:57,0
DA:64,0
DA:119,0
DA:130,0
LF:9
LH:0
BRDA:41,0,0,0
BRDA:41,0,1,0
BRDA:41,1,0,0
BRDA:41,1,1,0
BRDA:80,2,0,0
BRDA:80,2,1,0
BRDA:85,3,0,0
BRDA:85,3,1,0
BRDA:97,4,0,0
BRDA:97,4,1,0
BRDA:97,5,0,0
BRDA:97,5,1,0
BRDA:122,6,0,0
BRDA:122,6,1,0
BRDA:133,7,0,0
BRDA:133,7,1,0
BRDA:133,8,0,0
BRDA:133,8,1,0
BRF:18
BRH:0
end_of_record
TN:
SF:src\react\features\sessions\SessionsView.tsx
FN:6,SessionsView
FN:7,(anonymous_1)
FN:9,(anonymous_2)
FN:9,(anonymous_3)
FN:23,(anonymous_4)
FN:30,(anonymous_5)
FN:41,(anonymous_6)
FNF:7
FNH:0
FNDA:0,SessionsView
FNDA:0,(anonymous_1)
FNDA:0,(anonymous_2)
FNDA:0,(anonymous_3)
FNDA:0,(anonymous_4)
FNDA:0,(anonymous_5)
FNDA:0,(anonymous_6)
DA:7,0
DA:8,0
DA:9,0
DA:12,0
DA:23,0
DA:30,0
DA:41,0
LF:7
LH:0
BRDA:8,0,0,0
BRDA:8,0,1,0
BRDA:35,1,0,0
BRDA:35,1,1,0
BRDA:41,2,0,0
BRDA:41,2,1,0
BRF:6
BRH:0
end_of_record
TN:
SF:src\react\features\settings\LiveWallpaperPanel.tsx
FN:46,readStoredBg
FN:47,readStoredOpacity
FN:49,LiveWallpaperPanel
FN:55,(anonymous_3)
FN:60,(anonymous_4)
FN:67,(anonymous_5)
FN:73,(anonymous_6)
FN:96,(anonymous_7)
FN:119,(anonymous_8)
FN:129,(anonymous_9)
FN:143,(anonymous_10)
FN:156,(anonymous_11)
FN:160,(anonymous_12)
FN:181,(anonymous_13)
FN:185,(anonymous_14)
FNF:15
FNH:0
FNDA:0,readStoredBg
FNDA:0,readStoredOpacity
FNDA:0,LiveWallpaperPanel
FNDA:0,(anonymous_3)
FNDA:0,(anonymous_4)
FNDA:0,(anonymous_5)
FNDA:0,(anonymous_6)
FNDA:0,(anonymous_7)
FNDA:0,(anonymous_8)
FNDA:0,(anonymous_9)
FNDA:0,(anonymous_10)
FNDA:0,(anonymous_11)
FNDA:0,(anonymous_12)
FNDA:0,(anonymous_13)
FNDA:0,(anonymous_14)
DA:8,0
DA:21,0
DA:46,0
DA:47,0
DA:50,0
DA:51,0
DA:52,0
DA:55,0
DA:56,0
DA:57,0
DA:60,0
DA:61,0
DA:62,0
DA:63,0
DA:64,0
DA:67,0
DA:68,0
DA:69,0
DA:70,0
DA:73,0
DA:74,0
DA:75,0
DA:76,0
DA:79,0
DA:96,0
DA:119,0
DA:129,0
DA:143,0
DA:157,0
DA:160,0
DA:182,0
DA:185,0
LF:32
LH:0
BRDA:46,0,0,0
BRDA:46,0,1,0
BRDA:47,1,0,0
BRDA:47,1,1,0
BRDA:57,2,0,0
BRDA:57,2,1,0
BRDA:63,3,0,0
BRDA:63,3,1,0
BRDA:101,4,0,0
BRDA:101,4,1,0
BRDA:120,5,0,0
BRDA:120,5,1,0
BRDA:130,6,0,0
BRDA:130,6,1,0
BRDA:138,7,0,0
BRDA:138,7,1,0
BRDA:144,8,0,0
BRDA:144,8,1,0
BRDA:161,9,0,0
BRDA:161,9,1,0
BRDA:179,10,0,0
BRDA:179,10,1,0
BRDA:186,11,0,0
BRDA:186,11,1,0
BRF:24
BRH:0
end_of_record
TN:
SF:src\react\features\settings\SettingsView.tsx
FN:17,SettingsView
FN:30,(anonymous_1)
FN:34,(anonymous_2)
FN:58,(anonymous_3)
FN:64,(anonymous_4)
FN:88,(anonymous_5)
FN:101,(anonymous_6)
FN:102,(anonymous_7)
FN:109,(anonymous_8)
FN:120,(anonymous_9)
FN:121,(anonymous_10)
FN:123,(anonymous_11)
FN:136,(anonymous_12)
FN:158,(anonymous_13)
FN:169,(anonymous_14)
FN:172,(anonymous_15)
FN:175,(anonymous_16)
FN:178,(anonymous_17)
FN:189,(anonymous_18)
FNF:19
FNH:0
FNDA:0,SettingsView
FNDA:0,(anonymous_1)
FNDA:0,(anonymous_2)
FNDA:0,(anonymous_3)
FNDA:0,(anonymous_4)
FNDA:0,(anonymous_5)
FNDA:0,(anonymous_6)
FNDA:0,(anonymous_7)
FNDA:0,(anonymous_8)
FNDA:0,(anonymous_9)
FNDA:0,(anonymous_10)
FNDA:0,(anonymous_11)
FNDA:0,(anonymous_12)
FNDA:0,(anonymous_13)
FNDA:0,(anonymous_14)
FNDA:0,(anonymous_15)
FNDA:0,(anonymous_16)
FNDA:0,(anonymous_17)
FNDA:0,(anonymous_18)
DA:11,0
DA:30,0
DA:31,0
DA:32,0
DA:34,0
DA:35,0
DA:36,0
DA:37,0
DA:40,0
DA:59,0
DA:64,0
DA:88,0
DA:102,0
DA:109,0
DA:121,0
DA:122,0
DA:124,0
DA:125,0
DA:136,0
DA:158,0
DA:169,0
DA:172,0
DA:175,0
DA:178,0
DA:189,0
LF:25
LH:0
BRDA:32,0,0,0
BRDA:32,0,1,0
BRDA:32,1,0,0
BRDA:32,1,1,0
BRDA:63,2,0,0
BRDA:63,2,1,0
BRDA:67,3,0,0
BRDA:67,3,1,0
BRDA:74,4,0,0
BRDA:74,4,1,0
BRDA:77,5,0,0
BRDA:77,5,1,0
BRDA:89,6,0,0
BRDA:89,6,1,0
BRDA:90,7,0,0
BRDA:90,7,1,0
BRDA:92,8,0,0
BRDA:92,8,1,0
BRDA:102,9,0,0
BRDA:102,9,1,0
BRDA:105,10,0,0
BRDA:105,10,1,0
BRDA:117,11,0,0
BRDA:117,11,1,0
BRDA:126,12,0,0
BRDA:126,12,1,0
BRDA:129,13,0,0
BRDA:129,13,1,0
BRDA:129,14,0,0
BRDA:129,14,1,0
BRDA:129,15,0,0
BRDA:129,15,1,0
BRDA:132,16,0,0
BRDA:132,16,1,0
BRDA:143,17,0,0
BRDA:143,17,1,0
BRDA:151,18,0,0
BRDA:151,18,1,0
BRDA:159,19,0,0
BRDA:159,19,1,0
BRDA:166,20,0,0
BRDA:166,20,1,0
BRDA:185,21,0,0
BRDA:185,21,1,0
BRDA:196,22,0,0
BRDA:196,22,1,0
BRDA:204,23,0,0
BRDA:204,23,1,0
BRDA:212,24,0,0
BRDA:212,24,1,0
BRDA:220,25,0,0
BRDA:220,25,1,0
BRF:52
BRH:0
end_of_record
TN:
SF:src\react\features\settings\wallpaperManager.ts
FN:40,(anonymous_0)
FN:49,init
FN:58,(anonymous_2)
FN:65,(anonymous_3)
FN:70,destroy
FN:76,stop
FN:89,start
FN:135,setOpacity
FN:145,setupCanvas
FN:152,(anonymous_9)
FN:154,(anonymous_10)
FN:160,(anonymous_11)
FN:166,(anonymous_12)
FN:173,(anonymous_13)
FN:176,(anonymous_14)
FN:183,makeCircuitLine
FN:195,randomLog
FN:197,draw
FN:213,drawMatrix
FN:227,drawStarfield
FN:246,drawParticles
FN:271,drawGrid
FN:294,drawRadar
FN:320,drawCircuit
FN:323,(anonymous_24)
FN:351,drawWave
FN:369,drawAscii
FNF:27
FNH:0
FNDA:0,(anonymous_0)
FNDA:0,init
FNDA:0,(anonymous_2)
FNDA:0,(anonymous_3)
FNDA:0,destroy
FNDA:0,stop
FNDA:0,start
FNDA:0,setOpacity
FNDA:0,setupCanvas
FNDA:0,(anonymous_9)
FNDA:0,(anonymous_10)
FNDA:0,(anonymous_11)
FNDA:0,(anonymous_12)
FNDA:0,(anonymous_13)
FNDA:0,(anonymous_14)
FNDA:0,makeCircuitLine
FNDA:0,randomLog
FNDA:0,draw
FNDA:0,drawMatrix
FNDA:0,drawStarfield
FNDA:0,drawParticles
FNDA:0,drawGrid
FNDA:0,drawRadar
FNDA:0,drawCircuit
FNDA:0,(anonymous_24)
FNDA:0,drawWave
FNDA:0,drawAscii
DA:9,0
DA:30,0
DA:31,0
DA:32,0
DA:33,0
DA:34,0
DA:35,0
DA:36,0
DA:37,0
DA:38,0
DA:40,0
DA:41,0
DA:42,0
DA:43,0
DA:44,0
DA:45,0
DA:46,0
DA:50,0
DA:51,0
DA:52,0
DA:53,0
DA:54,0
DA:55,0
DA:58,0
DA:59,0
DA:60,0
DA:61,0
DA:62,0
DA:65,0
DA:66,0
DA:67,0
DA:71,0
DA:72,0
DA:73,0
DA:77,0
DA:78,0
DA:79,0
DA:80,0
DA:81,0
DA:82,0
DA:83,0
DA:84,0
DA:85,0
DA:86,0
DA:91,0
DA:92,0
DA:94,0
DA:96,0
DA:97,0
DA:98,0
DA:99,0
DA:100,0
DA:101,0
DA:104,0
DA:106,0
DA:107,0
DA:108,0
DA:109,0
DA:110,0
DA:113,0
DA:114,0
DA:115,0
DA:116,0
DA:118,0
DA:119,0
DA:121,0
DA:123,0
DA:124,0
DA:125,0
DA:127,0
DA:130,0
DA:132,0
DA:136,0
DA:137,0
DA:138,0
DA:139,0
DA:140,0
DA:141,0
DA:142,0
DA:146,0
DA:147,0
DA:148,0
DA:149,0
DA:150,0
DA:151,0
DA:152,0
DA:153,0
DA:154,0
DA:159,0
DA:160,0
DA:165,0
DA:166,0
DA:172,0
DA:173,0
DA:174,0
DA:175,0
DA:176,0
DA:184,0
DA:185,0
DA:195,0
DA:198,0
DA:199,0
DA:200,0
DA:201,0
DA:202,0
DA:203,0
DA:204,0
DA:205,0
DA:206,0
DA:207,0
DA:208,0
DA:209,0
DA:210,0
DA:214,0
DA:215,0
DA:216,0
DA:217,0
DA:218,0
DA:219,0
DA:220,0
DA:221,0
DA:222,0
DA:223,0
DA:228,0
DA:229,0
DA:230,0
DA:231,0
DA:232,0
DA:233,0
DA:234,0
DA:235,0
DA:236,0
DA:237,0
DA:238,0
DA:239,0
DA:240,0
DA:243,0
DA:247,0
DA:248,0
DA:249,0
DA:250,0
DA:251,0
DA:252,0
DA:253,0
DA:254,0
DA:255,0
DA:256,0
DA:258,0
DA:259,0
DA:261,0
DA:262,0
DA:263,0
DA:264,0
DA:265,0
DA:266,0
DA:268,0
DA:272,0
DA:273,0
DA:274,0
DA:275,0
DA:276,0
DA:277,0
DA:278,0
DA:279,0
DA:280,0
DA:281,0
DA:282,0
DA:283,0
DA:284,0
DA:286,0
DA:287,0
DA:288,0
DA:289,0
DA:291,0
DA:295,0
DA:296,0
DA:297,0
DA:298,0
DA:299,0
DA:300,0
DA:301,0
DA:302,0
DA:303,0
DA:304,0
DA:305,0
DA:306,0
DA:307,0
DA:308,0
DA:310,0
DA:311,0
DA:312,0
DA:313,0
DA:314,0
DA:315,0
DA:317,0
DA:321,0
DA:322,0
DA:323,0
DA:324,0
DA:325,0
DA:326,0
DA:327,0
DA:328,0
DA:329,0
DA:330,0
DA:331,0
DA:332,0
DA:333,0
DA:336,0
DA:337,0
DA:338,0
DA:339,0
DA:340,0
DA:341,0
DA:342,0
DA:343,0
DA:345,0
DA:346,0
DA:348,0
DA:352,0
DA:353,0
DA:354,0
DA:355,0
DA:360,0
DA:361,0
DA:362,0
DA:363,0
DA:364,0
DA:366,0
DA:370,0
DA:371,0
DA:372,0
DA:373,0
DA:374,0
DA:375,0
DA:376,0
DA:378,0
DA:382,0
LF:238
LH:0
BRDA:41,0,0,0
BRDA:41,0,1,0
BRDA:41,1,0,0
BRDA:41,1,1,0
BRDA:41,1,2,0
BRDA:43,2,0,0
BRDA:43,2,1,0
BRDA:51,3,0,0
BRDA:51,3,1,0
BRDA:59,4,0,0
BRDA:59,4,1,0
BRDA:62,5,0,0
BRDA:62,5,1,0
BRDA:77,6,0,0
BRDA:77,6,1,0
BRDA:78,7,0,0
BRDA:78,7,1,0
BRDA:78,8,0,0
BRDA:78,8,1,0
BRDA:82,9,0,0
BRDA:82,9,1,0
BRDA:83,10,0,0
BRDA:83,10,1,0
BRDA:85,11,0,0
BRDA:85,11,1,0
BRDA:91,12,0,0
BRDA:91,12,1,0
BRDA:92,13,0,0
BRDA:92,13,1,0
BRDA:94,14,0,0
BRDA:94,14,1,0
BRDA:94,15,0,0
BRDA:94,15,1,0
BRDA:96,16,0,0
BRDA:96,16,1,0
BRDA:97,17,0,0
BRDA:97,17,1,0
BRDA:97,18,0,0
BRDA:97,18,1,0
BRDA:100,19,0,0
BRDA:100,19,1,0
BRDA:104,20,0,0
BRDA:104,20,1,0
BRDA:108,21,0,0
BRDA:108,21,1,0
BRDA:108,22,0,0
BRDA:108,22,1,0
BRDA:109,23,0,0
BRDA:109,23,1,0
BRDA:109,24,0,0
BRDA:109,24,1,0
BRDA:114,25,0,0
BRDA:114,25,1,0
BRDA:123,26,0,0
BRDA:123,26,1,0
BRDA:124,27,0,0
BRDA:124,27,1,0
BRDA:125,28,0,0
BRDA:125,28,1,0
BRDA:127,29,0,0
BRDA:127,29,1,0
BRDA:130,30,0,0
BRDA:130,30,1,0
BRDA:140,31,0,0
BRDA:140,31,1,0
BRDA:140,32,0,0
BRDA:140,32,1,0
BRDA:141,33,0,0
BRDA:141,33,1,0
BRDA:141,34,0,0
BRDA:141,34,1,0
BRDA:142,35,0,0
BRDA:142,35,1,0
BRDA:142,36,0,0
BRDA:142,36,1,0
BRDA:146,37,0,0
BRDA:146,37,1,0
BRDA:150,38,0,0
BRDA:150,38,1,0
[...]
BRDA:234,59,0,0
BRDA:234,59,1,0
BRDA:234,60,0,0
BRDA:234,60,1,0
BRDA:251,61,0,0
BRDA:251,61,1,0
BRDA:252,62,0,0
BRDA:252,62,1,0
BRDA:257,63,0,0
BRDA:257,63,1,0
BRDA:266,64,0,0
BRDA:266,64,1,0
BRDA:266,65,0,0
BRDA:266,65,1,0
BRDA:266,65,2,0
BRDA:273,66,0,0
BRDA:273,66,1,0
BRDA:277,67,0,0
BRDA:277,67,1,0
BRDA:291,68,0,0
BRDA:291,68,1,0
BRDA:306,69,0,0
BRDA:306,69,1,0
BRDA:307,70,0,0
BRDA:307,70,1,0
BRDA:311,71,0,0
BRDA:311,71,1,0
BRDA:321,72,0,0
BRDA:321,72,1,0
BRDA:374,73,0,0
BRDA:374,73,1,0
BRDA:395,74,0,0
BRDA:395,74,1,0
BRDA:406,75,0,0
BRDA:406,75,1,0
BRDA:408,76,0,0
BRDA:408,76,1,0
BRDA:420,77,0,0
BRDA:420,77,1,0
BRDA:423,78,0,0
BRDA:423,78,1,0
BRDA:434,79,0,0
BRDA:434,79,1,0
BRDA:437,80,0,0
BRDA:437,80,1,0
BRDA:451,81,0,0
BRDA:451,81,1,0
BRDA:452,82,0,0
BRDA:452,82,1,0
BRDA:456,83,0,0
BRDA:456,83,1,0
BRDA:464,84,0,0
BRDA:464,84,1,0
BRDA:469,85,0,0
BRDA:469,85,1,0
BRDA:470,86,0,0
BRDA:470,86,1,0
BRDA:473,87,0,0
BRDA:473,87,1,0
BRDA:478,88,0,0
BRDA:478,88,1,0
BRDA:486,89,0,0
BRDA:486,89,1,0
BRDA:490,90,0,0
BRDA:490,90,1,0
BRDA:508,91,0,0
BRDA:508,91,1,0
BRDA:516,92,0,0
BRDA:516,92,1,0
BRDA:519,93,0,0
BRDA:519,93,1,0
BRDA:521,94,0,0
BRDA:521,94,1,0
BRDA:522,95,0,0
BRDA:522,95,1,0
BRDA:545,96,0,0
BRDA:545,96,1,0
BRDA:546,97,0,0
BRDA:546,97,1,0
BRF:208
BRH:0
end_of_record
TN:
SF:src\react\features\tunnel\TunnelView.tsx
FN:5,TunnelView
FN:12,(anonymous_1)
FN:12,(anonymous_2)
FN:14,(anonymous_3)
FN:32,(anonymous_4)
FN:44,(anonymous_5)
FN:80,(anonymous_6)
FN:81,(anonymous_7)
FN:93,(anonymous_8)
FN:94,(anonymous_9)
FN:106,(anonymous_10)
FNF:11
FNH:0
FNDA:0,TunnelView
FNDA:0,(anonymous_1)
FNDA:0,(anonymous_2)
FNDA:0,(anonymous_3)
FNDA:0,(anonymous_4)
FNDA:0,(anonymous_5)
FNDA:0,(anonymous_6)
FNDA:0,(anonymous_7)
FNDA:0,(anonymous_8)
FNDA:0,(anonymous_9)
FNDA:0,(anonymous_10)
DA:6,0
DA:7,0
DA:8,0
DA:9,0
DA:10,0
DA:12,0
DA:14,0
DA:15,0
DA:16,0
DA:17,0
DA:18,0
DA:19,0
DA:20,0
DA:22,0
DA:23,0
DA:24,0
DA:27,0
DA:29,0
DA:32,0
DA:33,0
DA:34,0
DA:35,0
DA:36,0
DA:37,0
DA:38,0
DA:40,0
DA:44,0
DA:45,0
DA:46,0
DA:47,0
DA:48,0
DA:49,0
DA:51,0
DA:55,0
DA:80,0
DA:81,0
DA:93,0
DA:94,0
DA:107,0
LF:39
LH:0
BRDA:17,0,0,0
BRDA:17,0,1,0
BRDA:33,1,0,0
BRDA:33,1,1,0
BRDA:45,2,0,0
BRDA:45,2,1,0
BRDA:67,3,0,0
BRDA:67,3,1,0
BRDA:68,4,0,0
BRDA:68,4,1,0
BRDA:70,5,0,0
BRDA:70,5,1,0
BRDA:71,6,0,0
BRDA:71,6,1,0
BRDA:81,7,0,0
BRDA:81,7,1,0
BRDA:94,8,0,0
BRDA:94,8,1,0
BRDA:105,9,0,0
BRDA:105,9,1,0
BRDA:107,10,0,0
BRDA:107,10,1,0
BRDA:107,11,0,0
BRDA:107,11,1,0
BRF:24
BRH:0
end_of_record
TN:
SF:src\react\features\workspace\WorkspaceView.tsx
FN:9,WorkspaceView
FN:22,(anonymous_1)
FN:28,(anonymous_2)
FN:31,(anonymous_3)
FN:42,(anonymous_4)
FN:43,(anonymous_5)
FN:49,(anonymous_6)
FN:50,(anonymous_7)
FN:52,(anonymous_8)
FN:56,(anonymous_9)
FN:61,(anonymous_10)
FN:108,(anonymous_11)
FN:109,(anonymous_12)
FN:110,(anonymous_13)
FN:111,(anonymous_14)
FN:115,(anonymous_15)
FN:119,(anonymous_16)
FN:120,(anonymous_17)
FN:121,(anonymous_18)
FNF:19
FNH:0
FNDA:0,WorkspaceView
FNDA:0,(anonymous_1)
FNDA:0,(anonymous_2)
FNDA:0,(anonymous_3)
FNDA:0,(anonymous_4)
FNDA:0,(anonymous_5)
FNDA:0,(anonymous_6)
FNDA:0,(anonymous_7)
FNDA:0,(anonymous_8)
FNDA:0,(anonymous_9)
FNDA:0,(anonymous_10)
FNDA:0,(anonymous_11)
FNDA:0,(anonymous_12)
FNDA:0,(anonymous_13)
FNDA:0,(anonymous_14)
FNDA:0,(anonymous_15)
FNDA:0,(anonymous_16)
FNDA:0,(anonymous_17)
FNDA:0,(anonymous_18)
DA:20,0
DA:22,0
DA:24,0
DA:25,0
DA:26,0
DA:28,0
DA:29,0
DA:31,0
DA:32,0
DA:36,0
DA:37,0
DA:38,0
DA:41,0
DA:42,0
DA:43,0
DA:44,0
DA:45,0
DA:49,0
DA:50,0
DA:51,0
DA:52,0
DA:53,0
DA:56,0
DA:57,0
DA:58,0
DA:61,0
DA:62,0
DA:63,0
DA:64,0
DA:65,0
DA:68,0
DA:108,0
DA:109,0
DA:110,0
DA:111,0
DA:115,0
DA:119,0
DA:121,0
LF:38
LH:0
BRDA:20,0,0,0
BRDA:20,0,1,0
BRDA:22,1,0,0
BRDA:22,1,1,0
BRDA:36,2,0,0
BRDA:36,2,1,0
BRDA:37,3,0,0
BRDA:37,3,1,0
BRDA:37,4,0,0
BRDA:37,4,1,0
BRDA:38,5,0,0
BRDA:38,5,1,0
BRDA:38,6,0,0
BRDA:38,6,1,0
BRDA:45,7,0,0
BRDA:45,7,1,0
BRDA:51,8,0,0
BRDA:51,8,1,0
BRDA:53,9,0,0
BRDA:53,9,1,0
BRDA:62,10,0,0
BRDA:62,10,1,0
BRDA:63,11,0,0
BRDA:63,11,1,0
BRDA:84,12,0,0
BRDA:84,12,1,0
BRDA:90,13,0,0
BRDA:90,13,1,0
BRDA:118,14,0,0
BRDA:118,14,1,0
BRF:30
BRH:0
end_of_record
TN:
SF:src\react\services\bridgeAdapter.ts
FN:35,_ensureWs
FN:40,(anonymous_1)
FN:46,(anonymous_2)
FN:52,(anonymous_3)
FN:54,(anonymous_4)
FN:61,listenBridge
FN:72,(anonymous_6)
FN:72,(anonymous_7)
FN:74,(anonymous_8)
FN:75,(anonymous_9)
FN:83,(anonymous_10)
FN:88,bridgeInvoke
FN:95,(anonymous_12)
FN:101,appInvoke
FN:114,get
FN:122,set
FN:130,reset
FN:156,selectAndScan
FN:164,buildContext
FN:183,detectLocal
FN:187,(anonymous_20)
FN:188,(anonymous_21)
FN:226,browserDraft
FN:235,(anonymous_23)
FN:264,health
FN:277,chat
FN:304,chatStream
FN:315,(anonymous_27)
FN:320,(anonymous_28)
FN:326,(anonymous_29)
FN:348,setProvider
FN:351,setModel
FN:359,run
FN:405,exportMarkdown
FN:413,save
FN:439,get_2
FN:459,logs
FN:466,securityReport
FN:479,exportBundle
FN:487,memoryUsage
FN:494,geminiKeyStatus
FN:502,contextStats
FN:514,start
FN:522,stop
FN:535,spawn
FN:538,kill
FN:541,write
FN:544,resize
FN:547,listSessions
FN:555,open
FN:559,navigate
FN:563,back
FN:567,forward
FN:571,getUrl
FN:575,hide
FN:579,show
FN:583,setBounds
FN:587,getContent
FN:591,saveToMemory
FN:595,reload
FN:599,zoomIn
FN:603,zoomOut
FN:607,zoomReset
FN:611,find
FN:615,stopFind
FN:621,addBookmark
FN:625,removeBookmark
FN:629,listBookmarks
FN:635,listHistory
FN:639,clearHistory
FN:645,readerMode
FN:651,toggleAdblock
FN:655,getAdblockStatus
FN:660,onBrowserEvent
FN:662,(anonymous_74)
FN:669,listWorkspaceFiles
FN:672,readWorkspaceFile
FN:675,writeWorkspaceFile
FN:678,createWorkspaceFile
FN:681,deleteWorkspaceFile
FN:702,list
FN:705,toggle
FN:708,validate
FN:711,installFromUrl
FN:714,installFromRegistry
FN:717,uninstall
FN:720,reload_2
FN:728,start_2
FN:731,stop_2
FN:734,getInfo
FN:744,execStream
FN:747,cancelExec
FN:765,listTasks
FN:768,addTask
FN:771,deleteTask
FN:774,toggleTask
FN:777,runTaskNow
FN:807,listRepos
FN:810,openRepo
FN:813,status
FN:816,log
FN:819,branchList
FN:822,branchCreate
FN:825,branchCheckout
FN:828,stage
FN:831,unstage
FN:834,commit
FN:837,diff
FN:840,push
FN:843,pull
FN:851,generateJPE
FN:854,optimizePrompt
FN:934,listPacks
FN:937,listTemplates
FN:940,getTemplate
FN:943,previewPrompt
FN:946,executePrompt
FN:953,savePrompt
FN:962,listSavedPrompts
FN:965,macroStart
FN:968,macroStop
FN:975,macroExecute
FN:978,listMacros
FN:981,deleteMacro
FN:984,getSuggestions
FN:994,indexDirectory
FN:998,getIndexedDocs
FN:1001,(anonymous_127)
FN:1008,searchDocs
FN:1011,(anonymous_129)
FN:1019,clearIndex
FN:1028,getPeers
FN:1031,getActiveTransfers
FN:1034,startTransfer
FN:1042,start_3
FN:1045,stop_3
FN:1048,sendRequest
FN:1070,sendRequest_2
FN:1073,listCollections
FN:1076,saveCollection
FN:1079,importCurl
FN:1087,list_2
FN:1090,load
FN:1093,save_2
FN:1096,delete
FN:1099,run_2
FN:1105,startTask
FN:1108,getStatus
FN:1111,stop_4
FN:1119,saveCredential
FN:1122,getCredential
FN:1164,list_3
FN:1167,add
FN:1170,pause
FN:1173,resume
FN:1176,remove
FN:1179,pauseAll
FN:1182,resumeAll
FN:1185,getDownloadRoot
FN:1188,getStatus_2
FN:1191,openDownloadRoot
FN:1194,openSavePath
FNF:162
FNH:0
FNDA:0,_ensureWs
FNDA:0,(anonymous_1)
FNDA:0,(anonymous_2)
FNDA:0,(anonymous_3)
FNDA:0,(anonymous_4)
FNDA:0,listenBridge
FNDA:0,(anonymous_6)
FNDA:0,(anonymous_7)
FNDA:0,(anonymous_8)
FNDA:0,(anonymous_9)
FNDA:0,(anonymous_10)
FNDA:0,bridgeInvoke
FNDA:0,(anonymous_12)
FNDA:0,appInvoke
FNDA:0,get
FNDA:0,set
FNDA:0,reset
FNDA:0,selectAndScan
FNDA:0,buildContext
FNDA:0,detectLocal
FNDA:0,(anonymous_20)
FNDA:0,(anonymous_21)
FNDA:0,browserDraft
FNDA:0,(anonymous_23)
FNDA:0,health
FNDA:0,chat
FNDA:0,chatStream
FNDA:0,(anonymous_27)
FNDA:0,(anonymous_28)
FNDA:0,(anonymous_29)
FNDA:0,setProvider
FNDA:0,setModel
FNDA:0,run
FNDA:0,exportMarkdown
FNDA:0,save
FNDA:0,get_2
FNDA:0,logs
FNDA:0,securityReport
FNDA:0,exportBundle
FNDA:0,memoryUsage
FNDA:0,geminiKeyStatus
FNDA:0,contextStats
FNDA:0,start
FNDA:0,stop
FNDA:0,spawn
FNDA:0,kill
FNDA:0,write
FNDA:0,resize
FNDA:0,listSessions
FNDA:0,open
FNDA:0,navigate
FNDA:0,back
FNDA:0,forward
FNDA:0,getUrl
FNDA:0,hide
FNDA:0,show
FNDA:0,setBounds
FNDA:0,getContent
FNDA:0,saveToMemory
FNDA:0,reload
FNDA:0,zoomIn
FNDA:0,zoomOut
FNDA:0,zoomReset
FNDA:0,find
FNDA:0,stopFind
FNDA:0,addBookmark
FNDA:0,removeBookmark
FNDA:0,listBookmarks
FNDA:0,listHistory
FNDA:0,clearHistory
FNDA:0,readerMode
FNDA:0,toggleAdblock
FNDA:0,getAdblockStatus
FNDA:0,onBrowserEvent
FNDA:0,(anonymous_74)
FNDA:0,listWorkspaceFiles
FNDA:0,readWorkspaceFile
FNDA:0,writeWorkspaceFile
FNDA:0,createWorkspaceFile
FNDA:0,deleteWorkspaceFile
FNDA:0,list
FNDA:0,toggle
FNDA:0,validate
FNDA:0,installFromUrl
FNDA:0,installFromRegistry
FNDA:0,uninstall
FNDA:0,reload_2
FNDA:0,start_2
FNDA:0,stop_2
FNDA:0,getInfo
FNDA:0,execStream
FNDA:0,cancelExec
FNDA:0,listTasks
FNDA:0,addTask
FNDA:0,deleteTask
FNDA:0,toggleTask
FNDA:0,runTaskNow
FNDA:0,listRepos
FNDA:0,openRepo
FNDA:0,status
FNDA:0,log
FNDA:0,branchList
FNDA:0,branchCreate
FNDA:0,branchCheckout
FNDA:0,stage
FNDA:0,unstage
FNDA:0,commit
FNDA:0,diff
FNDA:0,push
FNDA:0,pull
FNDA:0,generateJPE
FNDA:0,optimizePrompt
FNDA:0,listPacks
FNDA:0,listTemplates
FNDA:0,getTemplate
FNDA:0,previewPrompt
FNDA:0,executePrompt
FNDA:0,savePrompt
FNDA:0,listSavedPrompts
FNDA:0,macroStart
FNDA:0,macroStop
FNDA:0,macroExecute
FNDA:0,listMacros
FNDA:0,deleteMacro
FNDA:0,getSuggestions
FNDA:0,indexDirectory
FNDA:0,getIndexedDocs
FNDA:0,(anonymous_127)
FNDA:0,searchDocs
FNDA:0,(anonymous_129)
FNDA:0,clearIndex
FNDA:0,getPeers
FNDA:0,getActiveTransfers
FNDA:0,startTransfer
FNDA:0,start_3
FNDA:0,stop_3
FNDA:0,sendRequest
FNDA:0,sendRequest_2
FNDA:0,listCollections
FNDA:0,saveCollection
FNDA:0,importCurl
FNDA:0,list_2
FNDA:0,load
FNDA:0,save_2
FNDA:0,delete
FNDA:0,run_2
FNDA:0,startTask
FNDA:0,getStatus
FNDA:0,stop_4
FNDA:0,saveCredential
FNDA:0,getCredential
FNDA:0,list_3
FNDA:0,add
FNDA:0,pause
FNDA:0,resume
FNDA:0,remove
FNDA:0,pauseAll
FNDA:0,resumeAll
FNDA:0,getDownloadRoot
FNDA:0,getStatus_2
FNDA:0,openDownloadRoot
FNDA:0,openSavePath
DA:29,0
DA:30,0
DA:32,0
DA:33,0
DA:36,0
DA:37,0
DA:39,0
DA:40,0
DA:41,0
DA:42,0
DA:43,0
DA:44,0
DA:45,0
DA:46,0
DA:52,0
DA:53,0
DA:54,0
DA:56,0
DA:59,0
DA:62,0
DA:69,0
DA:70,0
DA:71,0
DA:72,0
DA:73,0
DA:75,0
DA:76,0
DA:80,0
DA:81,0
DA:82,0
DA:83,0
DA:84,0
DA:89,0
DA:94,0
DA:95,0
DA:96,0
DA:98,0
DA:102,0
DA:106,0
DA:107,0
DA:108,0
DA:113,0
DA:115,0
DA:116,0
DA:118,0
DA:119,0
DA:123,0
DA:124,0
DA:126,0
DA:128,0
DA:131,0
DA:132,0
DA:134,0
DA:136,0
DA:150,0
DA:155,0
DA:157,0
DA:158,0
DA:159,0
DA:161,0
DA:165,0
DA:166,0
DA:169,0
DA:171,0
DA:182,0
DA:184,0
DA:185,0
DA:187,0
DA:188,0
DA:199,0
DA:213,0
DA:220,0
DA:227,0
DA:230,0
DA:235,0
DA:263,0
DA:265,0
DA:266,0
DA:267,0
DA:268,0
DA:274,0
DA:278,0
DA:279,0
DA:285,0
DA:301,0
DA:305,0
DA:308,0
DA:309,0
DA:310,0
DA:311,0
DA:312,0
DA:315,0
DA:316,0
DA:317,0
DA:320,0
DA:321,0
DA:322,0
DA:323,0
DA:326,0
DA:327,0
DA:328,0
DA:329,0
DA:330,0
DA:331,0
DA:334,0
DA:335,0
DA:342,0
DA:343,0
DA:344,0
DA:345,0
DA:349,0
DA:352,0
DA:358,0
DA:360,0
DA:361,0
DA:365,0
DA:379,0
DA:380,0
DA:382,0
DA:384,0
DA:397,0
DA:404,0
DA:406,0
DA:407,0
DA:408,0
DA:410,0
DA:414,0
DA:415,0
DA:416,0
DA:418,0
DA:425,0
DA:438,0
DA:440,0
DA:441,0
DA:448,0
DA:456,0
DA:460,0
DA:461,0
DA:463,0
DA:467,0
DA:468,0
DA:470,0
DA:480,0
DA:481,0
DA:482,0
DA:484,0
DA:488,0
DA:489,0
DA:491,0
DA:495,0
DA:496,0
DA:497,0
DA:499,0
DA:503,0
DA:504,0
DA:506,0
DA:513,0
DA:515,0
DA:516,0
DA:517,0
DA:519,0
DA:523,0
DA:524,0
DA:525,0
DA:527,0
DA:534,0
DA:536,0
DA:539,0
DA:542,0
DA:545,0
DA:548,0
DA:554,0
DA:556,0
DA:557,0
DA:560,0
DA:561,0
DA:564,0
DA:565,0
DA:568,0
DA:569,0
DA:572,0
DA:573,0
DA:576,0
DA:577,0
DA:580,0
DA:581,0
DA:584,0
DA:585,0
DA:588,0
DA:589,0
DA:592,0
DA:593,0
DA:596,0
DA:597,0
DA:600,0
DA:601,0
DA:604,0
DA:605,0
DA:608,0
DA:609,0
DA:612,0
DA:613,0
DA:616,0
DA:617,0
DA:622,0
DA:623,0
DA:626,0
DA:627,0
DA:630,0
DA:631,0
DA:636,0
DA:637,0
DA:640,0
DA:641,0
DA:646,0
DA:647,0
DA:652,0
DA:653,0
DA:656,0
DA:657,0
DA:661,0
DA:662,0
DA:668,0
DA:670,0
DA:673,0
DA:676,0
DA:679,0
DA:682,0
DA:701,0
DA:703,0
DA:706,0
DA:709,0
DA:712,0
DA:715,0
DA:718,0
DA:721,0
DA:727,0
DA:729,0
DA:732,0
DA:735,0
DA:743,0
DA:745,0
DA:748,0
DA:764,0
DA:766,0
DA:769,0
DA:772,0
DA:775,0
DA:778,0
DA:806,0
DA:808,0
DA:811,0
DA:814,0
DA:817,0
DA:820,0
DA:823,0
DA:826,0
DA:829,0
DA:832,0
DA:835,0
DA:838,0
DA:841,0
DA:844,0
DA:850,0
DA:852,0
DA:855,0
DA:933,0
DA:935,0
DA:938,0
DA:941,0
DA:944,0
DA:947,0
DA:960,0
DA:963,0
DA:966,0
DA:969,0
DA:976,0
DA:979,0
DA:982,0
DA:985,0
DA:993,0
DA:995,0
DA:996,0
DA:999,0
DA:1000,0
DA:1001,0
DA:1009,0
DA:1010,0
DA:1011,0
DA:1020,0
DA:1021,0
DA:1027,0
DA:1029,0
DA:1032,0
DA:1035,0
DA:1041,0
DA:1043,0
DA:1046,0
DA:1049,0
DA:1069,0
DA:1071,0
DA:1074,0
DA:1077,0
DA:1080,0
DA:1086,0
DA:1088,0
DA:1091,0
DA:1094,0
DA:1097,0
DA:1100,0
DA:1104,0
DA:1106,0
DA:1109,0
DA:1112,0
DA:1118,0
DA:1120,0
DA:1123,0
DA:1163,0
DA:1165,0
DA:1168,0
DA:1171,0
DA:1174,0
DA:1177,0
DA:1180,0
DA:1183,0
DA:1186,0
DA:1189,0
DA:1192,0
DA:1195,0
DA:1203,0
LF:330
LH:0
BRDA:29,0,0,0
BRDA:29,0,1,0
BRDA:36,1,0,0
BRDA:36,1,1,0
BRDA:36,2,0,0
BRDA:36,2,1,0
BRDA:37,3,0,0
BRDA:37,3,1,0
BRDA:37,4,0,0
BRDA:37,4,1,0
BRDA:43,5,0,0
BRDA:43,5,1,0
BRDA:44,6,0,0
BRDA:44,6,1,0
BRDA:46,7,0,0
BRDA:46,7,1,0
BRDA:46,8,0,0
BRDA:46,8,1,0
BRDA:70,9,0,0
BRDA:70,9,1,0
BRDA:81,10,0,0
BRDA:81,10,1,0
BRDA:92,11,0,0
BRDA:92,11,1,0
BRDA:94,12,0,0
BRDA:94,12,1,0
BRDA:106,13,0,0
BRDA:106,13,1,0
BRDA:107,14,0,0
BRDA:107,14,1,0
BRDA:119,15,0,0
BRDA:119,15,1,0
BRDA:192,16,0,0
BRDA:192,16,1,0
BRDA:204,17,0,0
BRDA:204,17,1,0
BRDA:207,18,0,0
BRDA:207,18,1,0
BRDA:227,19,0,0
BRDA:227,19,1,0
BRDA:235,20,0,0
BRDA:235,20,1,0
BRDA:267,21,0,0
BRDA:267,21,1,0
BRDA:270,22,0,0
BRDA:270,22,1,0
BRDA:281,23,0,0
BRDA:281,23,1,0
BRDA:282,24,0,0
BRDA:282,24,1,0
BRDA:294,25,0,0
BRDA:294,25,1,0
BRDA:294,25,2,0
BRDA:308,26,0,0
BRDA:308,26,1,0
BRDA:310,27,0,0
BRDA:310,27,1,0
BRDA:316,28,0,0
BRDA:316,28,1,0
BRDA:317,29,0,0
BRDA:317,29,1,0
BRDA:327,30,0,0
BRDA:327,30,1,0
BRDA:338,31,0,0
BRDA:338,31,1,0
BRDA:369,32,0,0
BRDA:369,32,1,0
BRDA:375,33,0,0
BRDA:375,33,1,0
BRDA:379,34,0,0
BRDA:379,34,1,0
BRDA:453,35,0,0
BRDA:453,35,1,0
BRDA:525,36,0,0
BRDA:525,36,1,0
BRDA:535,37,0,0
BRDA:538,38,0,0
BRDA:556,39,0,0
BRDA:556,39,1,0
BRDA:560,40,0,0
BRDA:560,40,1,0
BRDA:564,41,0,0
BRDA:564,41,1,0
BRDA:568,42,0,0
BRDA:568,42,1,0
BRDA:572,43,0,0
BRDA:572,43,1,0
BRDA:576,44,0,0
BRDA:576,44,1,0
BRDA:580,45,0,0
BRDA:580,45,1,0
BRDA:584,46,0,0
BRDA:584,46,1,0
BRDA:588,47,0,0
BRDA:588,47,1,0
BRDA:592,48,0,0
BRDA:592,48,1,0
BRDA:596,49,0,0
BRDA:596,49,1,0
BRDA:600,50,0,0
BRDA:600,50,1,0
BRDA:604,51,0,0
BRDA:604,51,1,0
BRDA:608,52,0,0
BRDA:608,52,1,0
BRDA:612,53,0,0
BRDA:612,53,1,0
BRDA:616,54,0,0
BRDA:616,54,1,0
BRDA:622,55,0,0
BRDA:622,55,1,0
BRDA:626,56,0,0
BRDA:626,56,1,0
BRDA:630,57,0,0
BRDA:630,57,1,0
BRDA:636,58,0,0
BRDA:636,58,1,0
BRDA:640,59,0,0
BRDA:640,59,1,0
BRDA:646,60,0,0
BRDA:646,60,1,0
BRDA:652,61,0,0
BRDA:652,61,1,0
BRDA:656,62,0,0
BRDA:656,62,1,0
BRDA:661,63,0,0
BRDA:661,63,1,0
BRDA:670,64,0,0
BRDA:670,64,1,0
BRDA:728,65,0,0
BRDA:816,66,0,0
BRDA:851,67,0,0
BRDA:1003,68,0,0
BRDA:1003,68,1,0
BRDA:1013,69,0,0
BRDA:1013,69,1,0
BRDA:1177,70,0,0
BRDA:1177,70,1,0
BRF:138
BRH:0
end_of_record
TN:
SF:src\react\state\useNeuroDeckState.ts
FN:45,nextStatus
FN:52,mergeUniqueModels
FN:53,(anonymous_2)
FN:58,sanitizeHydrate
FN:72,reducer
FN:108,(anonymous_5)
FN:113,(anonymous_6)
FN:123,(anonymous_7)
FN:128,(anonymous_8)
FN:133,(anonymous_9)
FN:160,(anonymous_10)
FN:179,useNeuroDeckState
FN:182,(anonymous_12)
FN:184,hydrate
FN:188,(anonymous_14)
FN:189,(anonymous_15)
FN:192,(anonymous_16)
FN:195,(anonymous_17)
FN:201,(anonymous_18)
FN:204,(anonymous_19)
FN:209,(anonymous_20)
FN:210,(anonymous_21)
FN:211,(anonymous_22)
FN:212,(anonymous_23)
FN:213,(anonymous_24)
FN:216,(anonymous_25)
FNF:26
FNH:18
FNDA:1,nextStatus
FNDA:0,mergeUniqueModels
FNDA:0,(anonymous_2)
FNDA:23,sanitizeHydrate
FNDA:34,reducer
FNDA:4,(anonymous_5)
FNDA:0,(anonymous_6)
FNDA:0,(anonymous_7)
FNDA:0,(anonymous_8)
FNDA:0,(anonymous_9)
FNDA:0,(anonymous_10)
FNDA:58,useNeuroDeckState
FNDA:25,(anonymous_12)
FNDA:25,hydrate
FNDA:1,(anonymous_14)
FNDA:25,(anonymous_15)
FNDA:58,(anonymous_16)
FNDA:5,(anonymous_17)
FNDA:33,(anonymous_18)
FNDA:3,(anonymous_19)
FNDA:27,(anonymous_20)
FNDA:108,(anonymous_21)
FNDA:135,(anonymous_22)
FNDA:81,(anonymous_23)
FNDA:81,(anonymous_24)
FNDA:0,(anonymous_25)
DA:6,1
DA:46,1
DA:47,0
DA:48,0
DA:49,0
DA:53,0
DA:54,0
DA:55,0
DA:59,23
DA:68,3
DA:69,3
DA:73,34
DA:75,23
DA:84,0
DA:86,0
DA:88,1
DA:90,3
DA:92,1
DA:94,0
DA:96,0
DA:98,0
DA:100,0
DA:102,0
DA:104,0
DA:106,1
DA:108,4
DA:111,0
DA:113,0
DA:121,0
DA:123,0
DA:126,0
DA:128,0
DA:131,0
DA:133,0
DA:136,1
DA:138,0
DA:145,0
DA:147,0
DA:149,0
DA:151,0
DA:158,0
DA:160,0
DA:163,0
DA:165,0
DA:167,1
DA:169,0
DA:171,0
DA:173,3
DA:175,0
DA:180,58
DA:182,58
DA:183,25
DA:185,25
DA:186,24
DA:188,25
DA:189,25
DA:192,58
DA:193,58
DA:194,33
DA:195,33
DA:196,5
DA:201,33
DA:204,58
DA:205,3
DA:206,3
DA:209,58
DA:210,108
DA:211,135
DA:212,81
DA:213,81
DA:216,0
DA:219,58
LF:72
LH:37
BRDA:46,0,0,1
BRDA:46,0,1,0
BRDA:47,1,0,0
BRDA:47,1,1,0
BRDA:48,2,0,0
BRDA:48,2,1,0
BRDA:59,3,0,20
BRDA:59,3,1,3
BRDA:59,4,0,23
BRDA:59,4,1,3
BRDA:73,5,0,23
BRDA:73,5,1,0
BRDA:73,5,2,0
BRDA:73,5,3,1
BRDA:73,5,4,3
BRDA:73,5,5,1
BRDA:73,5,6,0
BRDA:73,5,7,0
BRDA:73,5,8,0
BRDA:73,5,9,0
BRDA:73,5,10,0
BRDA:73,5,11,0
BRDA:73,5,12,1
BRDA:73,5,13,0
BRDA:73,5,14,0
BRDA:73,5,15,0
BRDA:73,5,16,0
BRDA:73,5,17,1
BRDA:73,5,18,0
BRDA:73,5,19,0
BRDA:73,5,20,0
BRDA:73,5,21,0
BRDA:73,5,22,0
BRDA:73,5,23,0
BRDA:73,5,24,0
BRDA:73,5,25,0
BRDA:73,5,26,1
BRDA:73,5,27,0
BRDA:73,5,28,0
BRDA:73,5,29,3
BRDA:73,5,30,0
BRDA:86,6,0,0
BRDA:86,6,1,0
BRDA:108,7,0,1
BRDA:108,7,1,3
BRDA:113,8,0,0
BRDA:113,8,1,0
BRDA:116,9,0,0
BRDA:116,9,1,0
BRDA:117,10,0,0
BRDA:117,10,1,0
BRDA:123,11,0,0
BRDA:123,11,1,0
BRDA:128,12,0,0
BRDA:128,12,1,0
BRDA:133,13,0,0
BRDA:133,13,1,0
BRDA:133,14,0,0
BRDA:133,14,1,0
BRDA:136,15,0,1
BRDA:136,15,1,0
BRDA:141,16,0,0
BRDA:141,16,1,0
BRDA:145,17,0,0
BRDA:145,17,1,0
BRDA:154,18,0,0
BRDA:154,18,1,0
BRDA:155,19,0,0
BRDA:155,19,1,0
BRDA:160,20,0,0
BRDA:160,20,1,0
BRDA:163,21,0,0
BRDA:163,21,1,0
BRDA:186,22,0,24
BRDA:186,22,1,0
BRDA:193,23,0,25
BRDA:193,23,1,33
BRDA:211,24,0,135
BRDA:211,24,1,54
BRDA:214,25,0,27
BRDA:214,25,1,26
BRF:81
BRH:23
end_of_record
TN:
SF:src\react\utils\agents\default-agents.ts
FNF:0
FNH:0
DA:9,0
LF:1
LH:0
BRF:0
BRH:0
end_of_record
TN:
SF:src\react\utils\autocomplete\autocomplete-engine.ts
FN:19,index
FN:26,suggest
FN:34,(anonymous_2)
FN:37,clear
FNF:4
FNH:0
FNDA:0,index
FNDA:0,suggest
FNDA:0,(anonymous_2)
FNDA:0,clear
DA:16,0
DA:17,0
DA:20,0
DA:21,0
DA:22,0
DA:27,0
DA:28,0
DA:29,0
DA:30,0
DA:31,0
DA:32,0
DA:34,0
DA:38,0
DA:39,0
LF:14
LH:0
BRDA:26,0,0,0
BRDA:27,1,0,0
BRDA:27,1,1,0
BRDA:31,2,0,0
BRDA:31,2,1,0
BRDA:32,3,0,0
BRDA:32,3,1,0
BRF:7
BRH:0
end_of_record
TN:
SF:src\react\utils\autocomplete\fuzzy.ts
FN:1,fuzzyScore
FNF:1
FNH:0
FNDA:0,fuzzyScore
DA:2,0
DA:3,0
DA:4,0
DA:5,0
DA:6,0
DA:7,0
LF:6
LH:0
BRDA:4,0,0,0
BRDA:4,0,1,0
BRDA:6,1,0,0
BRDA:6,1,1,0
BRDA:7,2,0,0
BRDA:7,2,1,0
BRF:6
BRH:0
end_of_record
TN:
SF:src\react\utils\autocomplete\trie.ts
FN:9,add
FN:18,search
FNF:2
FNH:0
FNDA:0,add
FNDA:0,search
DA:2,0
DA:3,0
DA:7,0
DA:10,0
DA:11,0
DA:12,0
DA:13,0
DA:14,0
DA:19,0
DA:20,0
DA:21,0
DA:22,0
DA:23,0
DA:25,0
LF:14
LH:0
BRDA:12,0,0,0
BRDA:12,0,1,0
BRDA:22,1,0,0
BRDA:22,1,1,0
BRF:4
BRH:0
end_of_record
TN:
SF:src\react\utils\controller\action-registry.ts
FN:1,(anonymous_0)
FN:45,register
FN:49,get
FN:53,list
FN:57,listByCategory
FN:58,(anonymous_5)
FNF:6
FNH:0
FNDA:0,(anonymous_0)
FNDA:0,register
FNDA:0,get
FNDA:0,list
FNDA:0,listByCategory
FNDA:0,(anonymous_5)
DA:1,0
DA:2,0
DA:3,0
DA:4,0
DA:5,0
DA:6,0
DA:7,0
DA:8,0
DA:9,0
DA:10,0
DA:11,0
DA:12,0
DA:13,0
DA:14,0
DA:15,0
DA:16,0
DA:17,0
DA:18,0
DA:19,0
DA:20,0
DA:21,0
DA:22,0
DA:23,0
DA:24,0
DA:25,0
DA:26,0
DA:27,0
DA:28,0
DA:29,0
DA:43,0
DA:46,0
DA:50,0
DA:54,0
DA:58,0
DA:62,0
DA:81,0
LF:36
LH:0
BRF:0
BRH:0
end_of_record
